The system is: Linux - 3.10.0-693.21.1.el7.x86_64 - x86_64
Compiling the C compiler identification source file "CMakeCCompilerId.c" succeeded.
Compiler: /gpfs/u/apps/dav/opt/ncarcompilers/0.4.1/mpi/gcc 
Build flags: ;-DUSE_MPI_ISEND_FOR_FC;-DHAVE_MPI;-I.;-I/glade/u/home/mizukami/testing/pio_test/route/build/lib/piolib/include;-I/glade/u/apps/dav/opt/openmpi/3.1.2/gnu/7.3.0/include;-I/glade/u/apps/dav/opt/gnu/7.3.0/include;-I/usr/local/include/slurm;-I/usr/local/include
Id flags: 

The output was:
0


Compilation of the C compiler identification source "CMakeCCompilerId.c" produced "a.out"

The C compiler identification is GNU, found in "/glade/u/home/mizukami/testing/pio_test/route/build/lib/piolib/CMakeFiles/3.1.3/CompilerIdC/a.out"

Compiling the Fortran compiler identification source file "CMakeFortranCompilerId.F" succeeded.
Compiler: /gpfs/u/apps/dav/opt/ncarcompilers/0.4.1/mpi/mpif90 
Build flags: -g;-Wall;-ffree-line-length-none;-fmax-errors=0;-fbacktrace;-fcheck=bounds;;-DUSE_MPI_ISEND_FOR_FC;-DHAVE_MPI;-I.;-I/glade/u/home/mizukami/testing/pio_test/route/build/lib/piolib/include;-I/glade/u/apps/dav/opt/openmpi/3.1.2/gnu/7.3.0/include;-I/glade/u/apps/dav/opt/gnu/7.3.0/include;-I/usr/local/include/slurm;-I/usr/local/include
Id flags: 

The output was:
0


Compilation of the Fortran compiler identification source "CMakeFortranCompilerId.F" produced "a.out"

The Fortran compiler identification is GNU, found in "/glade/u/home/mizukami/testing/pio_test/route/build/lib/piolib/CMakeFiles/3.1.3/CompilerIdFortran/a.out"

Determining if the C compiler works passed with the following output:
Change Dir: /glade/u/home/mizukami/testing/pio_test/route/build/lib/piolib/CMakeFiles/CMakeTmp

Run Build Command:"/usr/bin/gmake" "cmTryCompileExec3741922792/fast"
gmake[2]: Entering directory `/glade/u/home/mizukami/testing/pio_test/route/build/lib/piolib/CMakeFiles/CMakeTmp'
/usr/bin/gmake -f CMakeFiles/cmTryCompileExec3741922792.dir/build.make CMakeFiles/cmTryCompileExec3741922792.dir/build
gmake[3]: Entering directory `/glade/u/home/mizukami/testing/pio_test/route/build/lib/piolib/CMakeFiles/CMakeTmp'
/usr/local/bin/cmake -E cmake_progress_report /glade/u/home/mizukami/testing/pio_test/route/build/lib/piolib/CMakeFiles/CMakeTmp/CMakeFiles 1
Building C object CMakeFiles/cmTryCompileExec3741922792.dir/testCCompiler.c.o
/gpfs/u/apps/dav/opt/ncarcompilers/0.4.1/mpi/gcc   -DUSE_MPI_ISEND_FOR_FC -DHAVE_MPI -I. -I/glade/u/home/mizukami/testing/pio_test/route/build/lib/piolib/include -I/glade/u/apps/dav/opt/openmpi/3.1.2/gnu/7.3.0/include -I/glade/u/apps/dav/opt/gnu/7.3.0/include -I/usr/local/include/slurm -I/usr/local/include    -o CMakeFiles/cmTryCompileExec3741922792.dir/testCCompiler.c.o   -c /glade/u/home/mizukami/testing/pio_test/route/build/lib/piolib/CMakeFiles/CMakeTmp/testCCompiler.c
Linking C executable cmTryCompileExec3741922792
/usr/local/bin/cmake -E cmake_link_script CMakeFiles/cmTryCompileExec3741922792.dir/link.txt --verbose=1
/gpfs/u/apps/dav/opt/ncarcompilers/0.4.1/mpi/gcc   -DUSE_MPI_ISEND_FOR_FC -DHAVE_MPI -I. -I/glade/u/home/mizukami/testing/pio_test/route/build/lib/piolib/include -I/glade/u/apps/dav/opt/openmpi/3.1.2/gnu/7.3.0/include -I/glade/u/apps/dav/opt/gnu/7.3.0/include -I/usr/local/include/slurm -I/usr/local/include    CMakeFiles/cmTryCompileExec3741922792.dir/testCCompiler.c.o  -o cmTryCompileExec3741922792 -rdynamic 
gmake[3]: Leaving directory `/glade/u/home/mizukami/testing/pio_test/route/build/lib/piolib/CMakeFiles/CMakeTmp'
gmake[2]: Leaving directory `/glade/u/home/mizukami/testing/pio_test/route/build/lib/piolib/CMakeFiles/CMakeTmp'


Detecting C compiler ABI info compiled with the following output:
Change Dir: /glade/u/home/mizukami/testing/pio_test/route/build/lib/piolib/CMakeFiles/CMakeTmp

Run Build Command:"/usr/bin/gmake" "cmTryCompileExec4120414187/fast"
gmake[2]: Entering directory `/glade/u/home/mizukami/testing/pio_test/route/build/lib/piolib/CMakeFiles/CMakeTmp'
/usr/bin/gmake -f CMakeFiles/cmTryCompileExec4120414187.dir/build.make CMakeFiles/cmTryCompileExec4120414187.dir/build
gmake[3]: Entering directory `/glade/u/home/mizukami/testing/pio_test/route/build/lib/piolib/CMakeFiles/CMakeTmp'
/usr/local/bin/cmake -E cmake_progress_report /glade/u/home/mizukami/testing/pio_test/route/build/lib/piolib/CMakeFiles/CMakeTmp/CMakeFiles 1
Building C object CMakeFiles/cmTryCompileExec4120414187.dir/CMakeCCompilerABI.c.o
/gpfs/u/apps/dav/opt/ncarcompilers/0.4.1/mpi/gcc   -DUSE_MPI_ISEND_FOR_FC -DHAVE_MPI -I. -I/glade/u/home/mizukami/testing/pio_test/route/build/lib/piolib/include -I/glade/u/apps/dav/opt/openmpi/3.1.2/gnu/7.3.0/include -I/glade/u/apps/dav/opt/gnu/7.3.0/include -I/usr/local/include/slurm -I/usr/local/include    -o CMakeFiles/cmTryCompileExec4120414187.dir/CMakeCCompilerABI.c.o   -c /usr/local/share/cmake-3.1/Modules/CMakeCCompilerABI.c
Linking C executable cmTryCompileExec4120414187
/usr/local/bin/cmake -E cmake_link_script CMakeFiles/cmTryCompileExec4120414187.dir/link.txt --verbose=1
/gpfs/u/apps/dav/opt/ncarcompilers/0.4.1/mpi/gcc   -DUSE_MPI_ISEND_FOR_FC -DHAVE_MPI -I. -I/glade/u/home/mizukami/testing/pio_test/route/build/lib/piolib/include -I/glade/u/apps/dav/opt/openmpi/3.1.2/gnu/7.3.0/include -I/glade/u/apps/dav/opt/gnu/7.3.0/include -I/usr/local/include/slurm -I/usr/local/include   -v CMakeFiles/cmTryCompileExec4120414187.dir/CMakeCCompilerABI.c.o  -o cmTryCompileExec4120414187 -rdynamic  
Using built-in specs.
COLLECT_GCC=/glade/u/apps/dav/opt/gnu/7.3.0/bin/gcc
COLLECT_LTO_WRAPPER=/glade/u/apps/dav/opt/gnu/7.3.0/libexec/gcc/x86_64-pc-linux-gnu/7.3.0/lto-wrapper
Target: x86_64-pc-linux-gnu
Configured with: ../gcc-7.3.0/configure --prefix=/glade/u/apps/dav/opt/gnu/7.3.0 --enable-languages=c,c++,fortran,lto --enable-threads --disable-multilib
Thread model: posix
gcc version 7.3.0 (GCC) 
COMPILER_PATH=/glade/u/apps/dav/opt/gnu/7.3.0/libexec/gcc/x86_64-pc-linux-gnu/7.3.0/:/glade/u/apps/dav/opt/gnu/7.3.0/libexec/gcc/x86_64-pc-linux-gnu/7.3.0/:/glade/u/apps/dav/opt/gnu/7.3.0/libexec/gcc/x86_64-pc-linux-gnu/:/glade/u/apps/dav/opt/gnu/7.3.0/lib/gcc/x86_64-pc-linux-gnu/7.3.0/:/glade/u/apps/dav/opt/gnu/7.3.0/lib/gcc/x86_64-pc-linux-gnu/
LIBRARY_PATH=/glade/u/apps/dav/opt/gnu/7.3.0/lib/gcc/x86_64-pc-linux-gnu/7.3.0/:/glade/u/apps/dav/opt/gnu/7.3.0/lib/gcc/x86_64-pc-linux-gnu/7.3.0/../../../../lib64/:/lib/../lib64/:/usr/lib/../lib64/:/glade/u/apps/dav/opt/openmpi/3.1.2/gnu/7.3.0/lib/:/glade/u/apps/dav/opt/gnu/7.3.0/lib/gcc/x86_64-pc-linux-gnu/7.3.0/../../../:/lib/:/usr/lib/
COLLECT_GCC_OPTIONS='-D' 'USE_MPI_ISEND_FOR_FC' '-D' 'HAVE_MPI' '-I' '.' '-I' '/glade/u/home/mizukami/testing/pio_test/route/build/lib/piolib/include' '-I' '/glade/u/apps/dav/opt/openmpi/3.1.2/gnu/7.3.0/include' '-I' '/glade/u/apps/dav/opt/gnu/7.3.0/include' '-I' '/usr/local/include/slurm' '-I' '/usr/local/include' '-v' '-o' 'cmTryCompileExec4120414187' '-rdynamic' '-I' '/glade/u/apps/dav/opt/netcdf/4.6.1/gnu/7.3.0/include' '-I' '/glade/u/apps/dav/opt/gnu/7.3.0/include' '-L/glade/u/apps/dav/opt/gnu/7.3.0/lib/gcc/x86_64-pc-linux-gnu/7.3.0' '-L/glade/u/apps/dav/opt/netcdf/4.6.1/gnu/7.3.0/lib' '-L/glade/u/apps/opt/intel/2017u1/compilers_and_libraries/linux/lib/intel64_lin' '-L/glade/u/apps/dav/opt/gnu/7.3.0/lib64' '-L/glade/u/apps/dav/opt/openmpi/3.1.2/gnu/7.3.0/lib' '-mtune=generic' '-march=x86-64'
 /glade/u/apps/dav/opt/gnu/7.3.0/libexec/gcc/x86_64-pc-linux-gnu/7.3.0/collect2 -plugin /glade/u/apps/dav/opt/gnu/7.3.0/libexec/gcc/x86_64-pc-linux-gnu/7.3.0/liblto_plugin.so -plugin-opt=/glade/u/apps/dav/opt/gnu/7.3.0/libexec/gcc/x86_64-pc-linux-gnu/7.3.0/lto-wrapper -plugin-opt=-fresolution=/glade/scratch/mizukami/ccjbIxeS.res -plugin-opt=-pass-through=-lgcc -plugin-opt=-pass-through=-lgcc_s -plugin-opt=-pass-through=-lc -plugin-opt=-pass-through=-lgcc -plugin-opt=-pass-through=-lgcc_s --eh-frame-hdr -m elf_x86_64 -export-dynamic -dynamic-linker /lib64/ld-linux-x86-64.so.2 -o cmTryCompileExec4120414187 /lib/../lib64/crt1.o /lib/../lib64/crti.o /glade/u/apps/dav/opt/gnu/7.3.0/lib/gcc/x86_64-pc-linux-gnu/7.3.0/crtbegin.o -L/glade/u/apps/dav/opt/gnu/7.3.0/lib/gcc/x86_64-pc-linux-gnu/7.3.0 -L/glade/u/apps/dav/opt/netcdf/4.6.1/gnu/7.3.0/lib -L/glade/u/apps/opt/intel/2017u1/compilers_and_libraries/linux/lib/intel64_lin -L/glade/u/apps/dav/opt/gnu/7.3.0/lib64 -L/glade/u/apps/dav/opt/openmpi/3.1.2/gnu/7.3.0/lib -L/glade/u/apps/dav/opt/gnu/7.3.0/lib/gcc/x86_64-pc-linux-gnu/7.3.0 -L/glade/u/apps/dav/opt/gnu/7.3.0/lib/gcc/x86_64-pc-linux-gnu/7.3.0/../../../../lib64 -L/lib/../lib64 -L/usr/lib/../lib64 -L/glade/u/apps/dav/opt/openmpi/3.1.2/gnu/7.3.0/lib -L/glade/u/apps/dav/opt/gnu/7.3.0/lib/gcc/x86_64-pc-linux-gnu/7.3.0/../../.. CMakeFiles/cmTryCompileExec4120414187.dir/CMakeCCompilerABI.c.o --disable-new-dtags -rpath /glade/u/apps/dav/opt/gnu/7.3.0/lib/gcc/x86_64-pc-linux-gnu/7.3.0 -rpath /glade/u/apps/dav/opt/netcdf/4.6.1/gnu/7.3.0/lib -rpath /glade/u/apps/opt/intel/2017u1/compilers_and_libraries/linux/lib/intel64_lin -rpath /glade/u/apps/dav/opt/gnu/7.3.0/lib64 -rpath /glade/u/apps/dav/opt/openmpi/3.1.2/gnu/7.3.0/lib -lnetcdff -lnetcdf -lhdf5hl_fortran -lhdf5_hl -lhdf5_fortran -lhdf5 -lsz -lz -lrt -ldl -lgcc --as-needed -lgcc_s --no-as-needed -lc -lgcc --as-needed -lgcc_s --no-as-needed /glade/u/apps/dav/opt/gnu/7.3.0/lib/gcc/x86_64-pc-linux-gnu/7.3.0/crtend.o /lib/../lib64/crtn.o
COLLECT_GCC_OPTIONS='-D' 'USE_MPI_ISEND_FOR_FC' '-D' 'HAVE_MPI' '-I' '.' '-I' '/glade/u/home/mizukami/testing/pio_test/route/build/lib/piolib/include' '-I' '/glade/u/apps/dav/opt/openmpi/3.1.2/gnu/7.3.0/include' '-I' '/glade/u/apps/dav/opt/gnu/7.3.0/include' '-I' '/usr/local/include/slurm' '-I' '/usr/local/include' '-v' '-o' 'cmTryCompileExec4120414187' '-rdynamic' '-I' '/glade/u/apps/dav/opt/netcdf/4.6.1/gnu/7.3.0/include' '-I' '/glade/u/apps/dav/opt/gnu/7.3.0/include' '-L/glade/u/apps/dav/opt/gnu/7.3.0/lib/gcc/x86_64-pc-linux-gnu/7.3.0' '-L/glade/u/apps/dav/opt/netcdf/4.6.1/gnu/7.3.0/lib' '-L/glade/u/apps/opt/intel/2017u1/compilers_and_libraries/linux/lib/intel64_lin' '-L/glade/u/apps/dav/opt/gnu/7.3.0/lib64' '-L/glade/u/apps/dav/opt/openmpi/3.1.2/gnu/7.3.0/lib' '-mtune=generic' '-march=x86-64'
gmake[3]: Leaving directory `/glade/u/home/mizukami/testing/pio_test/route/build/lib/piolib/CMakeFiles/CMakeTmp'
gmake[2]: Leaving directory `/glade/u/home/mizukami/testing/pio_test/route/build/lib/piolib/CMakeFiles/CMakeTmp'


Parsed C implicit link information from above output:
  link line regex: [^( *|.*[/\])(ld|([^/\]+-)?ld|collect2)[^/\]*( |$)]
  ignore line: [Change Dir: /glade/u/home/mizukami/testing/pio_test/route/build/lib/piolib/CMakeFiles/CMakeTmp]
  ignore line: []
  ignore line: [Run Build Command:"/usr/bin/gmake" "cmTryCompileExec4120414187/fast"]
  ignore line: [gmake[2]: Entering directory `/glade/u/home/mizukami/testing/pio_test/route/build/lib/piolib/CMakeFiles/CMakeTmp']
  ignore line: [/usr/bin/gmake -f CMakeFiles/cmTryCompileExec4120414187.dir/build.make CMakeFiles/cmTryCompileExec4120414187.dir/build]
  ignore line: [gmake[3]: Entering directory `/glade/u/home/mizukami/testing/pio_test/route/build/lib/piolib/CMakeFiles/CMakeTmp']
  ignore line: [/usr/local/bin/cmake -E cmake_progress_report /glade/u/home/mizukami/testing/pio_test/route/build/lib/piolib/CMakeFiles/CMakeTmp/CMakeFiles 1]
  ignore line: [Building C object CMakeFiles/cmTryCompileExec4120414187.dir/CMakeCCompilerABI.c.o]
  ignore line: [/gpfs/u/apps/dav/opt/ncarcompilers/0.4.1/mpi/gcc   -DUSE_MPI_ISEND_FOR_FC -DHAVE_MPI -I. -I/glade/u/home/mizukami/testing/pio_test/route/build/lib/piolib/include -I/glade/u/apps/dav/opt/openmpi/3.1.2/gnu/7.3.0/include -I/glade/u/apps/dav/opt/gnu/7.3.0/include -I/usr/local/include/slurm -I/usr/local/include    -o CMakeFiles/cmTryCompileExec4120414187.dir/CMakeCCompilerABI.c.o   -c /usr/local/share/cmake-3.1/Modules/CMakeCCompilerABI.c]
  ignore line: [Linking C executable cmTryCompileExec4120414187]
  ignore line: [/usr/local/bin/cmake -E cmake_link_script CMakeFiles/cmTryCompileExec4120414187.dir/link.txt --verbose=1]
  ignore line: [/gpfs/u/apps/dav/opt/ncarcompilers/0.4.1/mpi/gcc   -DUSE_MPI_ISEND_FOR_FC -DHAVE_MPI -I. -I/glade/u/home/mizukami/testing/pio_test/route/build/lib/piolib/include -I/glade/u/apps/dav/opt/openmpi/3.1.2/gnu/7.3.0/include -I/glade/u/apps/dav/opt/gnu/7.3.0/include -I/usr/local/include/slurm -I/usr/local/include   -v CMakeFiles/cmTryCompileExec4120414187.dir/CMakeCCompilerABI.c.o  -o cmTryCompileExec4120414187 -rdynamic  ]
  ignore line: [Using built-in specs.]
  ignore line: [COLLECT_GCC=/glade/u/apps/dav/opt/gnu/7.3.0/bin/gcc]
  ignore line: [COLLECT_LTO_WRAPPER=/glade/u/apps/dav/opt/gnu/7.3.0/libexec/gcc/x86_64-pc-linux-gnu/7.3.0/lto-wrapper]
  ignore line: [Target: x86_64-pc-linux-gnu]
  ignore line: [Configured with: ../gcc-7.3.0/configure --prefix=/glade/u/apps/dav/opt/gnu/7.3.0 --enable-languages=c,c++,fortran,lto --enable-threads --disable-multilib]
  ignore line: [Thread model: posix]
  ignore line: [gcc version 7.3.0 (GCC) ]
  ignore line: [COMPILER_PATH=/glade/u/apps/dav/opt/gnu/7.3.0/libexec/gcc/x86_64-pc-linux-gnu/7.3.0/:/glade/u/apps/dav/opt/gnu/7.3.0/libexec/gcc/x86_64-pc-linux-gnu/7.3.0/:/glade/u/apps/dav/opt/gnu/7.3.0/libexec/gcc/x86_64-pc-linux-gnu/:/glade/u/apps/dav/opt/gnu/7.3.0/lib/gcc/x86_64-pc-linux-gnu/7.3.0/:/glade/u/apps/dav/opt/gnu/7.3.0/lib/gcc/x86_64-pc-linux-gnu/]
  ignore line: [LIBRARY_PATH=/glade/u/apps/dav/opt/gnu/7.3.0/lib/gcc/x86_64-pc-linux-gnu/7.3.0/:/glade/u/apps/dav/opt/gnu/7.3.0/lib/gcc/x86_64-pc-linux-gnu/7.3.0/../../../../lib64/:/lib/../lib64/:/usr/lib/../lib64/:/glade/u/apps/dav/opt/openmpi/3.1.2/gnu/7.3.0/lib/:/glade/u/apps/dav/opt/gnu/7.3.0/lib/gcc/x86_64-pc-linux-gnu/7.3.0/../../../:/lib/:/usr/lib/]
  ignore line: [COLLECT_GCC_OPTIONS='-D' 'USE_MPI_ISEND_FOR_FC' '-D' 'HAVE_MPI' '-I' '.' '-I' '/glade/u/home/mizukami/testing/pio_test/route/build/lib/piolib/include' '-I' '/glade/u/apps/dav/opt/openmpi/3.1.2/gnu/7.3.0/include' '-I' '/glade/u/apps/dav/opt/gnu/7.3.0/include' '-I' '/usr/local/include/slurm' '-I' '/usr/local/include' '-v' '-o' 'cmTryCompileExec4120414187' '-rdynamic' '-I' '/glade/u/apps/dav/opt/netcdf/4.6.1/gnu/7.3.0/include' '-I' '/glade/u/apps/dav/opt/gnu/7.3.0/include' '-L/glade/u/apps/dav/opt/gnu/7.3.0/lib/gcc/x86_64-pc-linux-gnu/7.3.0' '-L/glade/u/apps/dav/opt/netcdf/4.6.1/gnu/7.3.0/lib' '-L/glade/u/apps/opt/intel/2017u1/compilers_and_libraries/linux/lib/intel64_lin' '-L/glade/u/apps/dav/opt/gnu/7.3.0/lib64' '-L/glade/u/apps/dav/opt/openmpi/3.1.2/gnu/7.3.0/lib' '-mtune=generic' '-march=x86-64']
  link line: [ /glade/u/apps/dav/opt/gnu/7.3.0/libexec/gcc/x86_64-pc-linux-gnu/7.3.0/collect2 -plugin /glade/u/apps/dav/opt/gnu/7.3.0/libexec/gcc/x86_64-pc-linux-gnu/7.3.0/liblto_plugin.so -plugin-opt=/glade/u/apps/dav/opt/gnu/7.3.0/libexec/gcc/x86_64-pc-linux-gnu/7.3.0/lto-wrapper -plugin-opt=-fresolution=/glade/scratch/mizukami/ccjbIxeS.res -plugin-opt=-pass-through=-lgcc -plugin-opt=-pass-through=-lgcc_s -plugin-opt=-pass-through=-lc -plugin-opt=-pass-through=-lgcc -plugin-opt=-pass-through=-lgcc_s --eh-frame-hdr -m elf_x86_64 -export-dynamic -dynamic-linker /lib64/ld-linux-x86-64.so.2 -o cmTryCompileExec4120414187 /lib/../lib64/crt1.o /lib/../lib64/crti.o /glade/u/apps/dav/opt/gnu/7.3.0/lib/gcc/x86_64-pc-linux-gnu/7.3.0/crtbegin.o -L/glade/u/apps/dav/opt/gnu/7.3.0/lib/gcc/x86_64-pc-linux-gnu/7.3.0 -L/glade/u/apps/dav/opt/netcdf/4.6.1/gnu/7.3.0/lib -L/glade/u/apps/opt/intel/2017u1/compilers_and_libraries/linux/lib/intel64_lin -L/glade/u/apps/dav/opt/gnu/7.3.0/lib64 -L/glade/u/apps/dav/opt/openmpi/3.1.2/gnu/7.3.0/lib -L/glade/u/apps/dav/opt/gnu/7.3.0/lib/gcc/x86_64-pc-linux-gnu/7.3.0 -L/glade/u/apps/dav/opt/gnu/7.3.0/lib/gcc/x86_64-pc-linux-gnu/7.3.0/../../../../lib64 -L/lib/../lib64 -L/usr/lib/../lib64 -L/glade/u/apps/dav/opt/openmpi/3.1.2/gnu/7.3.0/lib -L/glade/u/apps/dav/opt/gnu/7.3.0/lib/gcc/x86_64-pc-linux-gnu/7.3.0/../../.. CMakeFiles/cmTryCompileExec4120414187.dir/CMakeCCompilerABI.c.o --disable-new-dtags -rpath /glade/u/apps/dav/opt/gnu/7.3.0/lib/gcc/x86_64-pc-linux-gnu/7.3.0 -rpath /glade/u/apps/dav/opt/netcdf/4.6.1/gnu/7.3.0/lib -rpath /glade/u/apps/opt/intel/2017u1/compilers_and_libraries/linux/lib/intel64_lin -rpath /glade/u/apps/dav/opt/gnu/7.3.0/lib64 -rpath /glade/u/apps/dav/opt/openmpi/3.1.2/gnu/7.3.0/lib -lnetcdff -lnetcdf -lhdf5hl_fortran -lhdf5_hl -lhdf5_fortran -lhdf5 -lsz -lz -lrt -ldl -lgcc --as-needed -lgcc_s --no-as-needed -lc -lgcc --as-needed -lgcc_s --no-as-needed /glade/u/apps/dav/opt/gnu/7.3.0/lib/gcc/x86_64-pc-linux-gnu/7.3.0/crtend.o /lib/../lib64/crtn.o]
    arg [/glade/u/apps/dav/opt/gnu/7.3.0/libexec/gcc/x86_64-pc-linux-gnu/7.3.0/collect2] ==> ignore
    arg [-plugin] ==> ignore
    arg [/glade/u/apps/dav/opt/gnu/7.3.0/libexec/gcc/x86_64-pc-linux-gnu/7.3.0/liblto_plugin.so] ==> ignore
    arg [-plugin-opt=/glade/u/apps/dav/opt/gnu/7.3.0/libexec/gcc/x86_64-pc-linux-gnu/7.3.0/lto-wrapper] ==> ignore
    arg [-plugin-opt=-fresolution=/glade/scratch/mizukami/ccjbIxeS.res] ==> ignore
    arg [-plugin-opt=-pass-through=-lgcc] ==> ignore
    arg [-plugin-opt=-pass-through=-lgcc_s] ==> ignore
    arg [-plugin-opt=-pass-through=-lc] ==> ignore
    arg [-plugin-opt=-pass-through=-lgcc] ==> ignore
    arg [-plugin-opt=-pass-through=-lgcc_s] ==> ignore
    arg [--eh-frame-hdr] ==> ignore
    arg [-m] ==> ignore
    arg [elf_x86_64] ==> ignore
    arg [-export-dynamic] ==> ignore
    arg [-dynamic-linker] ==> ignore
    arg [/lib64/ld-linux-x86-64.so.2] ==> ignore
    arg [-o] ==> ignore
    arg [cmTryCompileExec4120414187] ==> ignore
    arg [/lib/../lib64/crt1.o] ==> ignore
    arg [/lib/../lib64/crti.o] ==> ignore
    arg [/glade/u/apps/dav/opt/gnu/7.3.0/lib/gcc/x86_64-pc-linux-gnu/7.3.0/crtbegin.o] ==> ignore
    arg [-L/glade/u/apps/dav/opt/gnu/7.3.0/lib/gcc/x86_64-pc-linux-gnu/7.3.0] ==> dir [/glade/u/apps/dav/opt/gnu/7.3.0/lib/gcc/x86_64-pc-linux-gnu/7.3.0]
    arg [-L/glade/u/apps/dav/opt/netcdf/4.6.1/gnu/7.3.0/lib] ==> dir [/glade/u/apps/dav/opt/netcdf/4.6.1/gnu/7.3.0/lib]
    arg [-L/glade/u/apps/opt/intel/2017u1/compilers_and_libraries/linux/lib/intel64_lin] ==> dir [/glade/u/apps/opt/intel/2017u1/compilers_and_libraries/linux/lib/intel64_lin]
    arg [-L/glade/u/apps/dav/opt/gnu/7.3.0/lib64] ==> dir [/glade/u/apps/dav/opt/gnu/7.3.0/lib64]
    arg [-L/glade/u/apps/dav/opt/openmpi/3.1.2/gnu/7.3.0/lib] ==> dir [/glade/u/apps/dav/opt/openmpi/3.1.2/gnu/7.3.0/lib]
    arg [-L/glade/u/apps/dav/opt/gnu/7.3.0/lib/gcc/x86_64-pc-linux-gnu/7.3.0] ==> dir [/glade/u/apps/dav/opt/gnu/7.3.0/lib/gcc/x86_64-pc-linux-gnu/7.3.0]
    arg [-L/glade/u/apps/dav/opt/gnu/7.3.0/lib/gcc/x86_64-pc-linux-gnu/7.3.0/../../../../lib64] ==> dir [/glade/u/apps/dav/opt/gnu/7.3.0/lib/gcc/x86_64-pc-linux-gnu/7.3.0/../../../../lib64]
    arg [-L/lib/../lib64] ==> dir [/lib/../lib64]
    arg [-L/usr/lib/../lib64] ==> dir [/usr/lib/../lib64]
    arg [-L/glade/u/apps/dav/opt/openmpi/3.1.2/gnu/7.3.0/lib] ==> dir [/glade/u/apps/dav/opt/openmpi/3.1.2/gnu/7.3.0/lib]
    arg [-L/glade/u/apps/dav/opt/gnu/7.3.0/lib/gcc/x86_64-pc-linux-gnu/7.3.0/../../..] ==> dir [/glade/u/apps/dav/opt/gnu/7.3.0/lib/gcc/x86_64-pc-linux-gnu/7.3.0/../../..]
    arg [CMakeFiles/cmTryCompileExec4120414187.dir/CMakeCCompilerABI.c.o] ==> ignore
    arg [--disable-new-dtags] ==> ignore
    arg [-rpath] ==> ignore
    arg [/glade/u/apps/dav/opt/gnu/7.3.0/lib/gcc/x86_64-pc-linux-gnu/7.3.0] ==> ignore
    arg [-rpath] ==> ignore
    arg [/glade/u/apps/dav/opt/netcdf/4.6.1/gnu/7.3.0/lib] ==> ignore
    arg [-rpath] ==> ignore
    arg [/glade/u/apps/opt/intel/2017u1/compilers_and_libraries/linux/lib/intel64_lin] ==> ignore
    arg [-rpath] ==> ignore
    arg [/glade/u/apps/dav/opt/gnu/7.3.0/lib64] ==> ignore
    arg [-rpath] ==> ignore
    arg [/glade/u/apps/dav/opt/openmpi/3.1.2/gnu/7.3.0/lib] ==> ignore
    arg [-lnetcdff] ==> lib [netcdff]
    arg [-lnetcdf] ==> lib [netcdf]
    arg [-lhdf5hl_fortran] ==> lib [hdf5hl_fortran]
    arg [-lhdf5_hl] ==> lib [hdf5_hl]
    arg [-lhdf5_fortran] ==> lib [hdf5_fortran]
    arg [-lhdf5] ==> lib [hdf5]
    arg [-lsz] ==> lib [sz]
    arg [-lz] ==> lib [z]
    arg [-lrt] ==> lib [rt]
    arg [-ldl] ==> lib [dl]
    arg [-lgcc] ==> lib [gcc]
    arg [--as-needed] ==> ignore
    arg [-lgcc_s] ==> lib [gcc_s]
    arg [--no-as-needed] ==> ignore
    arg [-lc] ==> lib [c]
    arg [-lgcc] ==> lib [gcc]
    arg [--as-needed] ==> ignore
    arg [-lgcc_s] ==> lib [gcc_s]
    arg [--no-as-needed] ==> ignore
    arg [/glade/u/apps/dav/opt/gnu/7.3.0/lib/gcc/x86_64-pc-linux-gnu/7.3.0/crtend.o] ==> ignore
    arg [/lib/../lib64/crtn.o] ==> ignore
  remove lib [gcc]
  remove lib [gcc_s]
  remove lib [gcc]
  remove lib [gcc_s]
  collapse library dir [/glade/u/apps/dav/opt/gnu/7.3.0/lib/gcc/x86_64-pc-linux-gnu/7.3.0] ==> [/glade/u/apps/dav/opt/gnu/7.3.0/lib/gcc/x86_64-pc-linux-gnu/7.3.0]
  collapse library dir [/glade/u/apps/dav/opt/netcdf/4.6.1/gnu/7.3.0/lib] ==> [/glade/u/apps/dav/opt/netcdf/4.6.1/gnu/7.3.0/lib]
  collapse library dir [/glade/u/apps/opt/intel/2017u1/compilers_and_libraries/linux/lib/intel64_lin] ==> [/glade/u/apps/opt/intel/2017u1/compilers_and_libraries/linux/lib/intel64_lin]
  collapse library dir [/glade/u/apps/dav/opt/gnu/7.3.0/lib64] ==> [/glade/u/apps/dav/opt/gnu/7.3.0/lib64]
  collapse library dir [/glade/u/apps/dav/opt/openmpi/3.1.2/gnu/7.3.0/lib] ==> [/glade/u/apps/dav/opt/openmpi/3.1.2/gnu/7.3.0/lib]
  collapse library dir [/glade/u/apps/dav/opt/gnu/7.3.0/lib/gcc/x86_64-pc-linux-gnu/7.3.0] ==> [/glade/u/apps/dav/opt/gnu/7.3.0/lib/gcc/x86_64-pc-linux-gnu/7.3.0]
  collapse library dir [/glade/u/apps/dav/opt/gnu/7.3.0/lib/gcc/x86_64-pc-linux-gnu/7.3.0/../../../../lib64] ==> [/glade/u/apps/dav/opt/gnu/7.3.0/lib64]
  collapse library dir [/lib/../lib64] ==> [/lib64]
  collapse library dir [/usr/lib/../lib64] ==> [/usr/lib64]
  collapse library dir [/glade/u/apps/dav/opt/openmpi/3.1.2/gnu/7.3.0/lib] ==> [/glade/u/apps/dav/opt/openmpi/3.1.2/gnu/7.3.0/lib]
  collapse library dir [/glade/u/apps/dav/opt/gnu/7.3.0/lib/gcc/x86_64-pc-linux-gnu/7.3.0/../../..] ==> [/glade/u/apps/dav/opt/gnu/7.3.0/lib]
  implicit libs: [netcdff;netcdf;hdf5hl_fortran;hdf5_hl;hdf5_fortran;hdf5;sz;z;rt;dl;c]
  implicit dirs: [/glade/u/apps/dav/opt/gnu/7.3.0/lib/gcc/x86_64-pc-linux-gnu/7.3.0;/glade/u/apps/dav/opt/netcdf/4.6.1/gnu/7.3.0/lib;/glade/u/apps/opt/intel/2017u1/compilers_and_libraries/linux/lib/intel64_lin;/glade/u/apps/dav/opt/gnu/7.3.0/lib64;/glade/u/apps/dav/opt/openmpi/3.1.2/gnu/7.3.0/lib;/lib64;/usr/lib64;/glade/u/apps/dav/opt/gnu/7.3.0/lib]
  implicit fwks: []




Detecting C [-std=c90] compiler features compiled with the following output:
Change Dir: /glade/u/home/mizukami/testing/pio_test/route/build/lib/piolib/CMakeFiles/CMakeTmp

Run Build Command:"/usr/bin/gmake" "cmTryCompileExec2392765922/fast"
gmake[2]: Entering directory `/glade/u/home/mizukami/testing/pio_test/route/build/lib/piolib/CMakeFiles/CMakeTmp'
/usr/bin/gmake -f CMakeFiles/cmTryCompileExec2392765922.dir/build.make CMakeFiles/cmTryCompileExec2392765922.dir/build
gmake[3]: Entering directory `/glade/u/home/mizukami/testing/pio_test/route/build/lib/piolib/CMakeFiles/CMakeTmp'
/usr/local/bin/cmake -E cmake_progress_report /glade/u/home/mizukami/testing/pio_test/route/build/lib/piolib/CMakeFiles/CMakeTmp/CMakeFiles 1
Building C object CMakeFiles/cmTryCompileExec2392765922.dir/feature_tests.c.o
/gpfs/u/apps/dav/opt/ncarcompilers/0.4.1/mpi/gcc   -DUSE_MPI_ISEND_FOR_FC -DHAVE_MPI -I. -I/glade/u/home/mizukami/testing/pio_test/route/build/lib/piolib/include -I/glade/u/apps/dav/opt/openmpi/3.1.2/gnu/7.3.0/include -I/glade/u/apps/dav/opt/gnu/7.3.0/include -I/usr/local/include/slurm -I/usr/local/include    -std=c90 -o CMakeFiles/cmTryCompileExec2392765922.dir/feature_tests.c.o   -c /glade/u/home/mizukami/testing/pio_test/route/build/lib/piolib/CMakeFiles/feature_tests.c
Linking C executable cmTryCompileExec2392765922
/usr/local/bin/cmake -E cmake_link_script CMakeFiles/cmTryCompileExec2392765922.dir/link.txt --verbose=1
/gpfs/u/apps/dav/opt/ncarcompilers/0.4.1/mpi/gcc   -DUSE_MPI_ISEND_FOR_FC -DHAVE_MPI -I. -I/glade/u/home/mizukami/testing/pio_test/route/build/lib/piolib/include -I/glade/u/apps/dav/opt/openmpi/3.1.2/gnu/7.3.0/include -I/glade/u/apps/dav/opt/gnu/7.3.0/include -I/usr/local/include/slurm -I/usr/local/include    CMakeFiles/cmTryCompileExec2392765922.dir/feature_tests.c.o  -o cmTryCompileExec2392765922 -rdynamic 
gmake[3]: Leaving directory `/glade/u/home/mizukami/testing/pio_test/route/build/lib/piolib/CMakeFiles/CMakeTmp'
gmake[2]: Leaving directory `/glade/u/home/mizukami/testing/pio_test/route/build/lib/piolib/CMakeFiles/CMakeTmp'


    Feature record: C_FEATURE:1c_function_prototypes
    Feature record: C_FEATURE:0c_restrict
    Feature record: C_FEATURE:0c_static_assert
    Feature record: C_FEATURE:0c_variadic_macros


Detecting C [-std=c99] compiler features compiled with the following output:
Change Dir: /glade/u/home/mizukami/testing/pio_test/route/build/lib/piolib/CMakeFiles/CMakeTmp

Run Build Command:"/usr/bin/gmake" "cmTryCompileExec3519695296/fast"
gmake[2]: Entering directory `/glade/u/home/mizukami/testing/pio_test/route/build/lib/piolib/CMakeFiles/CMakeTmp'
/usr/bin/gmake -f CMakeFiles/cmTryCompileExec3519695296.dir/build.make CMakeFiles/cmTryCompileExec3519695296.dir/build
gmake[3]: Entering directory `/glade/u/home/mizukami/testing/pio_test/route/build/lib/piolib/CMakeFiles/CMakeTmp'
/usr/local/bin/cmake -E cmake_progress_report /glade/u/home/mizukami/testing/pio_test/route/build/lib/piolib/CMakeFiles/CMakeTmp/CMakeFiles 1
Building C object CMakeFiles/cmTryCompileExec3519695296.dir/feature_tests.c.o
/gpfs/u/apps/dav/opt/ncarcompilers/0.4.1/mpi/gcc   -DUSE_MPI_ISEND_FOR_FC -DHAVE_MPI -I. -I/glade/u/home/mizukami/testing/pio_test/route/build/lib/piolib/include -I/glade/u/apps/dav/opt/openmpi/3.1.2/gnu/7.3.0/include -I/glade/u/apps/dav/opt/gnu/7.3.0/include -I/usr/local/include/slurm -I/usr/local/include    -std=c99 -o CMakeFiles/cmTryCompileExec3519695296.dir/feature_tests.c.o   -c /glade/u/home/mizukami/testing/pio_test/route/build/lib/piolib/CMakeFiles/feature_tests.c
Linking C executable cmTryCompileExec3519695296
/usr/local/bin/cmake -E cmake_link_script CMakeFiles/cmTryCompileExec3519695296.dir/link.txt --verbose=1
/gpfs/u/apps/dav/opt/ncarcompilers/0.4.1/mpi/gcc   -DUSE_MPI_ISEND_FOR_FC -DHAVE_MPI -I. -I/glade/u/home/mizukami/testing/pio_test/route/build/lib/piolib/include -I/glade/u/apps/dav/opt/openmpi/3.1.2/gnu/7.3.0/include -I/glade/u/apps/dav/opt/gnu/7.3.0/include -I/usr/local/include/slurm -I/usr/local/include    CMakeFiles/cmTryCompileExec3519695296.dir/feature_tests.c.o  -o cmTryCompileExec3519695296 -rdynamic 
gmake[3]: Leaving directory `/glade/u/home/mizukami/testing/pio_test/route/build/lib/piolib/CMakeFiles/CMakeTmp'
gmake[2]: Leaving directory `/glade/u/home/mizukami/testing/pio_test/route/build/lib/piolib/CMakeFiles/CMakeTmp'


    Feature record: C_FEATURE:0c_function_prototypes
    Feature record: C_FEATURE:1c_restrict
    Feature record: C_FEATURE:0c_static_assert
    Feature record: C_FEATURE:1c_variadic_macros


Detecting C [-std=c11] compiler features compiled with the following output:
Change Dir: /glade/u/home/mizukami/testing/pio_test/route/build/lib/piolib/CMakeFiles/CMakeTmp

Run Build Command:"/usr/bin/gmake" "cmTryCompileExec2609018073/fast"
gmake[2]: Entering directory `/glade/u/home/mizukami/testing/pio_test/route/build/lib/piolib/CMakeFiles/CMakeTmp'
/usr/bin/gmake -f CMakeFiles/cmTryCompileExec2609018073.dir/build.make CMakeFiles/cmTryCompileExec2609018073.dir/build
gmake[3]: Entering directory `/glade/u/home/mizukami/testing/pio_test/route/build/lib/piolib/CMakeFiles/CMakeTmp'
/usr/local/bin/cmake -E cmake_progress_report /glade/u/home/mizukami/testing/pio_test/route/build/lib/piolib/CMakeFiles/CMakeTmp/CMakeFiles 1
Building C object CMakeFiles/cmTryCompileExec2609018073.dir/feature_tests.c.o
/gpfs/u/apps/dav/opt/ncarcompilers/0.4.1/mpi/gcc   -DUSE_MPI_ISEND_FOR_FC -DHAVE_MPI -I. -I/glade/u/home/mizukami/testing/pio_test/route/build/lib/piolib/include -I/glade/u/apps/dav/opt/openmpi/3.1.2/gnu/7.3.0/include -I/glade/u/apps/dav/opt/gnu/7.3.0/include -I/usr/local/include/slurm -I/usr/local/include    -std=c11 -o CMakeFiles/cmTryCompileExec2609018073.dir/feature_tests.c.o   -c /glade/u/home/mizukami/testing/pio_test/route/build/lib/piolib/CMakeFiles/feature_tests.c
Linking C executable cmTryCompileExec2609018073
/usr/local/bin/cmake -E cmake_link_script CMakeFiles/cmTryCompileExec2609018073.dir/link.txt --verbose=1
/gpfs/u/apps/dav/opt/ncarcompilers/0.4.1/mpi/gcc   -DUSE_MPI_ISEND_FOR_FC -DHAVE_MPI -I. -I/glade/u/home/mizukami/testing/pio_test/route/build/lib/piolib/include -I/glade/u/apps/dav/opt/openmpi/3.1.2/gnu/7.3.0/include -I/glade/u/apps/dav/opt/gnu/7.3.0/include -I/usr/local/include/slurm -I/usr/local/include    CMakeFiles/cmTryCompileExec2609018073.dir/feature_tests.c.o  -o cmTryCompileExec2609018073 -rdynamic 
gmake[3]: Leaving directory `/glade/u/home/mizukami/testing/pio_test/route/build/lib/piolib/CMakeFiles/CMakeTmp'
gmake[2]: Leaving directory `/glade/u/home/mizukami/testing/pio_test/route/build/lib/piolib/CMakeFiles/CMakeTmp'


    Feature record: C_FEATURE:0c_function_prototypes
    Feature record: C_FEATURE:1c_restrict
    Feature record: C_FEATURE:1c_static_assert
    Feature record: C_FEATURE:1c_variadic_macros
Determining if the Fortran compiler works passed with the following output:
Change Dir: /glade/u/home/mizukami/testing/pio_test/route/build/lib/piolib/CMakeFiles/CMakeTmp

Run Build Command:"/usr/bin/gmake" "cmTryCompileExec3729843240/fast"
gmake[2]: Entering directory `/glade/u/home/mizukami/testing/pio_test/route/build/lib/piolib/CMakeFiles/CMakeTmp'
/usr/bin/gmake -f CMakeFiles/cmTryCompileExec3729843240.dir/build.make CMakeFiles/cmTryCompileExec3729843240.dir/build
gmake[3]: Entering directory `/glade/u/home/mizukami/testing/pio_test/route/build/lib/piolib/CMakeFiles/CMakeTmp'
/usr/local/bin/cmake -E cmake_progress_report /glade/u/home/mizukami/testing/pio_test/route/build/lib/piolib/CMakeFiles/CMakeTmp/CMakeFiles 1
Building Fortran object CMakeFiles/cmTryCompileExec3729843240.dir/testFortranCompiler.f.o
/gpfs/u/apps/dav/opt/ncarcompilers/0.4.1/mpi/mpif90   -g -Wall -ffree-line-length-none -fmax-errors=0 -fbacktrace -fcheck=bounds  -DUSE_MPI_ISEND_FOR_FC -DHAVE_MPI -I. -I/glade/u/home/mizukami/testing/pio_test/route/build/lib/piolib/include -I/glade/u/apps/dav/opt/openmpi/3.1.2/gnu/7.3.0/include -I/glade/u/apps/dav/opt/gnu/7.3.0/include -I/usr/local/include/slurm -I/usr/local/include    -c /glade/u/home/mizukami/testing/pio_test/route/build/lib/piolib/CMakeFiles/CMakeTmp/testFortranCompiler.f -o CMakeFiles/cmTryCompileExec3729843240.dir/testFortranCompiler.f.o
Linking Fortran executable cmTryCompileExec3729843240
/usr/local/bin/cmake -E cmake_link_script CMakeFiles/cmTryCompileExec3729843240.dir/link.txt --verbose=1
/gpfs/u/apps/dav/opt/ncarcompilers/0.4.1/mpi/mpif90    -g -Wall -ffree-line-length-none -fmax-errors=0 -fbacktrace -fcheck=bounds  -DUSE_MPI_ISEND_FOR_FC -DHAVE_MPI -I. -I/glade/u/home/mizukami/testing/pio_test/route/build/lib/piolib/include -I/glade/u/apps/dav/opt/openmpi/3.1.2/gnu/7.3.0/include -I/glade/u/apps/dav/opt/gnu/7.3.0/include -I/usr/local/include/slurm -I/usr/local/include  CMakeFiles/cmTryCompileExec3729843240.dir/testFortranCompiler.f.o  -o cmTryCompileExec3729843240 -rdynamic 
gmake[3]: Leaving directory `/glade/u/home/mizukami/testing/pio_test/route/build/lib/piolib/CMakeFiles/CMakeTmp'
gmake[2]: Leaving directory `/glade/u/home/mizukami/testing/pio_test/route/build/lib/piolib/CMakeFiles/CMakeTmp'


Detecting Fortran compiler ABI info compiled with the following output:
Change Dir: /glade/u/home/mizukami/testing/pio_test/route/build/lib/piolib/CMakeFiles/CMakeTmp

Run Build Command:"/usr/bin/gmake" "cmTryCompileExec2649868761/fast"
gmake[2]: Entering directory `/glade/u/home/mizukami/testing/pio_test/route/build/lib/piolib/CMakeFiles/CMakeTmp'
/usr/bin/gmake -f CMakeFiles/cmTryCompileExec2649868761.dir/build.make CMakeFiles/cmTryCompileExec2649868761.dir/build
gmake[3]: Entering directory `/glade/u/home/mizukami/testing/pio_test/route/build/lib/piolib/CMakeFiles/CMakeTmp'
/usr/local/bin/cmake -E cmake_progress_report /glade/u/home/mizukami/testing/pio_test/route/build/lib/piolib/CMakeFiles/CMakeTmp/CMakeFiles 1
Building Fortran object CMakeFiles/cmTryCompileExec2649868761.dir/CMakeFortranCompilerABI.F.o
/gpfs/u/apps/dav/opt/ncarcompilers/0.4.1/mpi/mpif90   -g -Wall -ffree-line-length-none -fmax-errors=0 -fbacktrace -fcheck=bounds  -DUSE_MPI_ISEND_FOR_FC -DHAVE_MPI -I. -I/glade/u/home/mizukami/testing/pio_test/route/build/lib/piolib/include -I/glade/u/apps/dav/opt/openmpi/3.1.2/gnu/7.3.0/include -I/glade/u/apps/dav/opt/gnu/7.3.0/include -I/usr/local/include/slurm -I/usr/local/include    -c /usr/local/share/cmake-3.1/Modules/CMakeFortranCompilerABI.F -o CMakeFiles/cmTryCompileExec2649868761.dir/CMakeFortranCompilerABI.F.o
Linking Fortran executable cmTryCompileExec2649868761
/usr/local/bin/cmake -E cmake_link_script CMakeFiles/cmTryCompileExec2649868761.dir/link.txt --verbose=1
/gpfs/u/apps/dav/opt/ncarcompilers/0.4.1/mpi/mpif90   -v -g -Wall -ffree-line-length-none -fmax-errors=0 -fbacktrace -fcheck=bounds  -DUSE_MPI_ISEND_FOR_FC -DHAVE_MPI -I. -I/glade/u/home/mizukami/testing/pio_test/route/build/lib/piolib/include -I/glade/u/apps/dav/opt/openmpi/3.1.2/gnu/7.3.0/include -I/glade/u/apps/dav/opt/gnu/7.3.0/include -I/usr/local/include/slurm -I/usr/local/include  CMakeFiles/cmTryCompileExec2649868761.dir/CMakeFortranCompilerABI.F.o  -o cmTryCompileExec2649868761 -rdynamic  
Driving: /glade/u/apps/dav/opt/gnu/7.3.0/bin/gfortran -v -g -Wall -ffree-line-length-none -fmax-errors=0 -fbacktrace -fcheck=bounds -DUSE_MPI_ISEND_FOR_FC -DHAVE_MPI -I. -I/glade/u/home/mizukami/testing/pio_test/route/build/lib/piolib/include -I/glade/u/apps/dav/opt/openmpi/3.1.2/gnu/7.3.0/include -I/glade/u/apps/dav/opt/gnu/7.3.0/include -I/usr/local/include/slurm -I/usr/local/include CMakeFiles/cmTryCompileExec2649868761.dir/CMakeFortranCompilerABI.F.o -o cmTryCompileExec2649868761 -rdynamic -I/glade/u/apps/dav/opt/netcdf/4.6.1/gnu/7.3.0/include -I/glade/u/apps/dav/opt/gnu/7.3.0/include -L/glade/u/apps/dav/opt/gnu/7.3.0/lib/gcc/x86_64-pc-linux-gnu/7.3.0 -L/glade/u/apps/dav/opt/netcdf/4.6.1/gnu/7.3.0/lib -L/glade/u/apps/opt/intel/2017u1/compilers_and_libraries/linux/lib/intel64_lin -L/glade/u/apps/dav/opt/gnu/7.3.0/lib64 -L/glade/u/apps/dav/opt/openmpi/3.1.2/gnu/7.3.0/lib -Wl,--disable-new-dtags -Wl,-rpath,/glade/u/apps/dav/opt/gnu/7.3.0/lib/gcc/x86_64-pc-linux-gnu/7.3.0 -Wl,-rpath,/glade/u/apps/dav/opt/netcdf/4.6.1/gnu/7.3.0/lib -Wl,-rpath,/glade/u/apps/opt/intel/2017u1/compilers_and_libraries/linux/lib/intel64_lin -Wl,-rpath,/glade/u/apps/dav/opt/gnu/7.3.0/lib64 -Wl,-rpath,/glade/u/apps/dav/opt/openmpi/3.1.2/gnu/7.3.0/lib -lnetcdff -lnetcdf -lhdf5hl_fortran -lhdf5_hl -lhdf5_fortran -lhdf5 -lsz -lz -lrt -ldl -I/glade/u/apps/dav/opt/openmpi/3.1.2/gnu/7.3.0/include -I/glade/u/apps/dav/opt/openmpi/3.1.2/gnu/7.3.0/lib -Wl,-rpath -Wl,/glade/u/apps/dav/opt/openmpi/3.1.2/gnu/7.3.0/lib -Wl,--enable-new-dtags -L/glade/u/apps/dav/opt/openmpi/3.1.2/gnu/7.3.0/lib -lmpi_usempif08 -lmpi_usempi_ignore_tkr -lmpi_mpifh -lmpi -l gfortran -l m -shared-libgcc
Using built-in specs.
COLLECT_GCC=/glade/u/apps/dav/opt/gnu/7.3.0/bin/gfortran
COLLECT_LTO_WRAPPER=/glade/u/apps/dav/opt/gnu/7.3.0/libexec/gcc/x86_64-pc-linux-gnu/7.3.0/lto-wrapper
Target: x86_64-pc-linux-gnu
Configured with: ../gcc-7.3.0/configure --prefix=/glade/u/apps/dav/opt/gnu/7.3.0 --enable-languages=c,c++,fortran,lto --enable-threads --disable-multilib
Thread model: posix
gcc version 7.3.0 (GCC) 
Reading specs from /glade/u/apps/dav/opt/gnu/7.3.0/lib/gcc/x86_64-pc-linux-gnu/7.3.0/../../../../lib64/libgfortran.spec
rename spec lib to liborig
COLLECT_GCC_OPTIONS='-v' '-g' '-Wall' '-ffree-line-length-none' '-fmax-errors=0' '-fbacktrace' '-fcheck=bounds' '-D' 'USE_MPI_ISEND_FOR_FC' '-D' 'HAVE_MPI' '-I' '.' '-I' '/glade/u/home/mizukami/testing/pio_test/route/build/lib/piolib/include' '-I' '/glade/u/apps/dav/opt/openmpi/3.1.2/gnu/7.3.0/include' '-I' '/glade/u/apps/dav/opt/gnu/7.3.0/include' '-I' '/usr/local/include/slurm' '-I' '/usr/local/include' '-o' 'cmTryCompileExec2649868761' '-rdynamic' '-I' '/glade/u/apps/dav/opt/netcdf/4.6.1/gnu/7.3.0/include' '-I' '/glade/u/apps/dav/opt/gnu/7.3.0/include' '-L/glade/u/apps/dav/opt/gnu/7.3.0/lib/gcc/x86_64-pc-linux-gnu/7.3.0' '-L/glade/u/apps/dav/opt/netcdf/4.6.1/gnu/7.3.0/lib' '-L/glade/u/apps/opt/intel/2017u1/compilers_and_libraries/linux/lib/intel64_lin' '-L/glade/u/apps/dav/opt/gnu/7.3.0/lib64' '-L/glade/u/apps/dav/opt/openmpi/3.1.2/gnu/7.3.0/lib' '-I' '/glade/u/apps/dav/opt/openmpi/3.1.2/gnu/7.3.0/include' '-I' '/glade/u/apps/dav/opt/openmpi/3.1.2/gnu/7.3.0/lib' '-L/glade/u/apps/dav/opt/openmpi/3.1.2/gnu/7.3.0/lib' '-shared-libgcc' '-mtune=generic' '-march=x86-64'
COMPILER_PATH=/glade/u/apps/dav/opt/gnu/7.3.0/libexec/gcc/x86_64-pc-linux-gnu/7.3.0/:/glade/u/apps/dav/opt/gnu/7.3.0/libexec/gcc/x86_64-pc-linux-gnu/7.3.0/:/glade/u/apps/dav/opt/gnu/7.3.0/libexec/gcc/x86_64-pc-linux-gnu/:/glade/u/apps/dav/opt/gnu/7.3.0/lib/gcc/x86_64-pc-linux-gnu/7.3.0/:/glade/u/apps/dav/opt/gnu/7.3.0/lib/gcc/x86_64-pc-linux-gnu/
LIBRARY_PATH=/glade/u/apps/dav/opt/gnu/7.3.0/lib/gcc/x86_64-pc-linux-gnu/7.3.0/:/glade/u/apps/dav/opt/gnu/7.3.0/lib/gcc/x86_64-pc-linux-gnu/7.3.0/../../../../lib64/:/lib/../lib64/:/usr/lib/../lib64/:/glade/u/apps/dav/opt/openmpi/3.1.2/gnu/7.3.0/lib/:/glade/u/apps/dav/opt/gnu/7.3.0/lib/gcc/x86_64-pc-linux-gnu/7.3.0/../../../:/lib/:/usr/lib/
COLLECT_GCC_OPTIONS='-v' '-g' '-Wall' '-ffree-line-length-none' '-fmax-errors=0' '-fbacktrace' '-fcheck=bounds' '-D' 'USE_MPI_ISEND_FOR_FC' '-D' 'HAVE_MPI' '-I' '.' '-I' '/glade/u/home/mizukami/testing/pio_test/route/build/lib/piolib/include' '-I' '/glade/u/apps/dav/opt/openmpi/3.1.2/gnu/7.3.0/include' '-I' '/glade/u/apps/dav/opt/gnu/7.3.0/include' '-I' '/usr/local/include/slurm' '-I' '/usr/local/include' '-o' 'cmTryCompileExec2649868761' '-rdynamic' '-I' '/glade/u/apps/dav/opt/netcdf/4.6.1/gnu/7.3.0/include' '-I' '/glade/u/apps/dav/opt/gnu/7.3.0/include' '-L/glade/u/apps/dav/opt/gnu/7.3.0/lib/gcc/x86_64-pc-linux-gnu/7.3.0' '-L/glade/u/apps/dav/opt/netcdf/4.6.1/gnu/7.3.0/lib' '-L/glade/u/apps/opt/intel/2017u1/compilers_and_libraries/linux/lib/intel64_lin' '-L/glade/u/apps/dav/opt/gnu/7.3.0/lib64' '-L/glade/u/apps/dav/opt/openmpi/3.1.2/gnu/7.3.0/lib' '-I' '/glade/u/apps/dav/opt/openmpi/3.1.2/gnu/7.3.0/include' '-I' '/glade/u/apps/dav/opt/openmpi/3.1.2/gnu/7.3.0/lib' '-L/glade/u/apps/dav/opt/openmpi/3.1.2/gnu/7.3.0/lib' '-shared-libgcc' '-mtune=generic' '-march=x86-64'
 /glade/u/apps/dav/opt/gnu/7.3.0/libexec/gcc/x86_64-pc-linux-gnu/7.3.0/collect2 -plugin /glade/u/apps/dav/opt/gnu/7.3.0/libexec/gcc/x86_64-pc-linux-gnu/7.3.0/liblto_plugin.so -plugin-opt=/glade/u/apps/dav/opt/gnu/7.3.0/libexec/gcc/x86_64-pc-linux-gnu/7.3.0/lto-wrapper -plugin-opt=-fresolution=/glade/scratch/mizukami/ccbJ0XkV.res -plugin-opt=-pass-through=-lgcc_s -plugin-opt=-pass-through=-lgcc -plugin-opt=-pass-through=-lquadmath -plugin-opt=-pass-through=-lm -plugin-opt=-pass-through=-lgcc_s -plugin-opt=-pass-through=-lgcc -plugin-opt=-pass-through=-lc -plugin-opt=-pass-through=-lgcc_s -plugin-opt=-pass-through=-lgcc --eh-frame-hdr -m elf_x86_64 -export-dynamic -dynamic-linker /lib64/ld-linux-x86-64.so.2 -o cmTryCompileExec2649868761 /lib/../lib64/crt1.o /lib/../lib64/crti.o /glade/u/apps/dav/opt/gnu/7.3.0/lib/gcc/x86_64-pc-linux-gnu/7.3.0/crtbegin.o -L/glade/u/apps/dav/opt/gnu/7.3.0/lib/gcc/x86_64-pc-linux-gnu/7.3.0 -L/glade/u/apps/dav/opt/netcdf/4.6.1/gnu/7.3.0/lib -L/glade/u/apps/opt/intel/2017u1/compilers_and_libraries/linux/lib/intel64_lin -L/glade/u/apps/dav/opt/gnu/7.3.0/lib64 -L/glade/u/apps/dav/opt/openmpi/3.1.2/gnu/7.3.0/lib -L/glade/u/apps/dav/opt/openmpi/3.1.2/gnu/7.3.0/lib -L/glade/u/apps/dav/opt/gnu/7.3.0/lib/gcc/x86_64-pc-linux-gnu/7.3.0 -L/glade/u/apps/dav/opt/gnu/7.3.0/lib/gcc/x86_64-pc-linux-gnu/7.3.0/../../../../lib64 -L/lib/../lib64 -L/usr/lib/../lib64 -L/glade/u/apps/dav/opt/openmpi/3.1.2/gnu/7.3.0/lib -L/glade/u/apps/dav/opt/gnu/7.3.0/lib/gcc/x86_64-pc-linux-gnu/7.3.0/../../.. CMakeFiles/cmTryCompileExec2649868761.dir/CMakeFortranCompilerABI.F.o --disable-new-dtags -rpath /glade/u/apps/dav/opt/gnu/7.3.0/lib/gcc/x86_64-pc-linux-gnu/7.3.0 -rpath /glade/u/apps/dav/opt/netcdf/4.6.1/gnu/7.3.0/lib -rpath /glade/u/apps/opt/intel/2017u1/compilers_and_libraries/linux/lib/intel64_lin -rpath /glade/u/apps/dav/opt/gnu/7.3.0/lib64 -rpath /glade/u/apps/dav/opt/openmpi/3.1.2/gnu/7.3.0/lib -lnetcdff -lnetcdf -lhdf5hl_fortran -lhdf5_hl -lhdf5_fortran -lhdf5 -lsz -lz -lrt -ldl -rpath /glade/u/apps/dav/opt/openmpi/3.1.2/gnu/7.3.0/lib --enable-new-dtags -lmpi_usempif08 -lmpi_usempi_ignore_tkr -lmpi_mpifh -lmpi -lgfortran -lm -lgcc_s -lgcc -lquadmath -lm -lgcc_s -lgcc -lc -lgcc_s -lgcc /glade/u/apps/dav/opt/gnu/7.3.0/lib/gcc/x86_64-pc-linux-gnu/7.3.0/crtend.o /lib/../lib64/crtn.o
COLLECT_GCC_OPTIONS='-v' '-g' '-Wall' '-ffree-line-length-none' '-fmax-errors=0' '-fbacktrace' '-fcheck=bounds' '-D' 'USE_MPI_ISEND_FOR_FC' '-D' 'HAVE_MPI' '-I' '.' '-I' '/glade/u/home/mizukami/testing/pio_test/route/build/lib/piolib/include' '-I' '/glade/u/apps/dav/opt/openmpi/3.1.2/gnu/7.3.0/include' '-I' '/glade/u/apps/dav/opt/gnu/7.3.0/include' '-I' '/usr/local/include/slurm' '-I' '/usr/local/include' '-o' 'cmTryCompileExec2649868761' '-rdynamic' '-I' '/glade/u/apps/dav/opt/netcdf/4.6.1/gnu/7.3.0/include' '-I' '/glade/u/apps/dav/opt/gnu/7.3.0/include' '-L/glade/u/apps/dav/opt/gnu/7.3.0/lib/gcc/x86_64-pc-linux-gnu/7.3.0' '-L/glade/u/apps/dav/opt/netcdf/4.6.1/gnu/7.3.0/lib' '-L/glade/u/apps/opt/intel/2017u1/compilers_and_libraries/linux/lib/intel64_lin' '-L/glade/u/apps/dav/opt/gnu/7.3.0/lib64' '-L/glade/u/apps/dav/opt/openmpi/3.1.2/gnu/7.3.0/lib' '-I' '/glade/u/apps/dav/opt/openmpi/3.1.2/gnu/7.3.0/include' '-I' '/glade/u/apps/dav/opt/openmpi/3.1.2/gnu/7.3.0/lib' '-L/glade/u/apps/dav/opt/openmpi/3.1.2/gnu/7.3.0/lib' '-shared-libgcc' '-mtune=generic' '-march=x86-64'
gmake[3]: Leaving directory `/glade/u/home/mizukami/testing/pio_test/route/build/lib/piolib/CMakeFiles/CMakeTmp'
gmake[2]: Leaving directory `/glade/u/home/mizukami/testing/pio_test/route/build/lib/piolib/CMakeFiles/CMakeTmp'


Parsed Fortran implicit link information from above output:
  link line regex: [^( *|.*[/\])(ld|([^/\]+-)?ld|collect2)[^/\]*( |$)]
  ignore line: [Change Dir: /glade/u/home/mizukami/testing/pio_test/route/build/lib/piolib/CMakeFiles/CMakeTmp]
  ignore line: []
  ignore line: [Run Build Command:"/usr/bin/gmake" "cmTryCompileExec2649868761/fast"]
  ignore line: [gmake[2]: Entering directory `/glade/u/home/mizukami/testing/pio_test/route/build/lib/piolib/CMakeFiles/CMakeTmp']
  ignore line: [/usr/bin/gmake -f CMakeFiles/cmTryCompileExec2649868761.dir/build.make CMakeFiles/cmTryCompileExec2649868761.dir/build]
  ignore line: [gmake[3]: Entering directory `/glade/u/home/mizukami/testing/pio_test/route/build/lib/piolib/CMakeFiles/CMakeTmp']
  ignore line: [/usr/local/bin/cmake -E cmake_progress_report /glade/u/home/mizukami/testing/pio_test/route/build/lib/piolib/CMakeFiles/CMakeTmp/CMakeFiles 1]
  ignore line: [Building Fortran object CMakeFiles/cmTryCompileExec2649868761.dir/CMakeFortranCompilerABI.F.o]
  ignore line: [/gpfs/u/apps/dav/opt/ncarcompilers/0.4.1/mpi/mpif90   -g -Wall -ffree-line-length-none -fmax-errors=0 -fbacktrace -fcheck=bounds  -DUSE_MPI_ISEND_FOR_FC -DHAVE_MPI -I. -I/glade/u/home/mizukami/testing/pio_test/route/build/lib/piolib/include -I/glade/u/apps/dav/opt/openmpi/3.1.2/gnu/7.3.0/include -I/glade/u/apps/dav/opt/gnu/7.3.0/include -I/usr/local/include/slurm -I/usr/local/include    -c /usr/local/share/cmake-3.1/Modules/CMakeFortranCompilerABI.F -o CMakeFiles/cmTryCompileExec2649868761.dir/CMakeFortranCompilerABI.F.o]
  ignore line: [Linking Fortran executable cmTryCompileExec2649868761]
  ignore line: [/usr/local/bin/cmake -E cmake_link_script CMakeFiles/cmTryCompileExec2649868761.dir/link.txt --verbose=1]
  ignore line: [/gpfs/u/apps/dav/opt/ncarcompilers/0.4.1/mpi/mpif90   -v -g -Wall -ffree-line-length-none -fmax-errors=0 -fbacktrace -fcheck=bounds  -DUSE_MPI_ISEND_FOR_FC -DHAVE_MPI -I. -I/glade/u/home/mizukami/testing/pio_test/route/build/lib/piolib/include -I/glade/u/apps/dav/opt/openmpi/3.1.2/gnu/7.3.0/include -I/glade/u/apps/dav/opt/gnu/7.3.0/include -I/usr/local/include/slurm -I/usr/local/include  CMakeFiles/cmTryCompileExec2649868761.dir/CMakeFortranCompilerABI.F.o  -o cmTryCompileExec2649868761 -rdynamic  ]
  ignore line: [Driving: /glade/u/apps/dav/opt/gnu/7.3.0/bin/gfortran -v -g -Wall -ffree-line-length-none -fmax-errors=0 -fbacktrace -fcheck=bounds -DUSE_MPI_ISEND_FOR_FC -DHAVE_MPI -I. -I/glade/u/home/mizukami/testing/pio_test/route/build/lib/piolib/include -I/glade/u/apps/dav/opt/openmpi/3.1.2/gnu/7.3.0/include -I/glade/u/apps/dav/opt/gnu/7.3.0/include -I/usr/local/include/slurm -I/usr/local/include CMakeFiles/cmTryCompileExec2649868761.dir/CMakeFortranCompilerABI.F.o -o cmTryCompileExec2649868761 -rdynamic -I/glade/u/apps/dav/opt/netcdf/4.6.1/gnu/7.3.0/include -I/glade/u/apps/dav/opt/gnu/7.3.0/include -L/glade/u/apps/dav/opt/gnu/7.3.0/lib/gcc/x86_64-pc-linux-gnu/7.3.0 -L/glade/u/apps/dav/opt/netcdf/4.6.1/gnu/7.3.0/lib -L/glade/u/apps/opt/intel/2017u1/compilers_and_libraries/linux/lib/intel64_lin -L/glade/u/apps/dav/opt/gnu/7.3.0/lib64 -L/glade/u/apps/dav/opt/openmpi/3.1.2/gnu/7.3.0/lib -Wl,--disable-new-dtags -Wl,-rpath,/glade/u/apps/dav/opt/gnu/7.3.0/lib/gcc/x86_64-pc-linux-gnu/7.3.0 -Wl,-rpath,/glade/u/apps/dav/opt/netcdf/4.6.1/gnu/7.3.0/lib -Wl,-rpath,/glade/u/apps/opt/intel/2017u1/compilers_and_libraries/linux/lib/intel64_lin -Wl,-rpath,/glade/u/apps/dav/opt/gnu/7.3.0/lib64 -Wl,-rpath,/glade/u/apps/dav/opt/openmpi/3.1.2/gnu/7.3.0/lib -lnetcdff -lnetcdf -lhdf5hl_fortran -lhdf5_hl -lhdf5_fortran -lhdf5 -lsz -lz -lrt -ldl -I/glade/u/apps/dav/opt/openmpi/3.1.2/gnu/7.3.0/include -I/glade/u/apps/dav/opt/openmpi/3.1.2/gnu/7.3.0/lib -Wl,-rpath -Wl,/glade/u/apps/dav/opt/openmpi/3.1.2/gnu/7.3.0/lib -Wl,--enable-new-dtags -L/glade/u/apps/dav/opt/openmpi/3.1.2/gnu/7.3.0/lib -lmpi_usempif08 -lmpi_usempi_ignore_tkr -lmpi_mpifh -lmpi -l gfortran -l m -shared-libgcc]
  ignore line: [Using built-in specs.]
  ignore line: [COLLECT_GCC=/glade/u/apps/dav/opt/gnu/7.3.0/bin/gfortran]
  ignore line: [COLLECT_LTO_WRAPPER=/glade/u/apps/dav/opt/gnu/7.3.0/libexec/gcc/x86_64-pc-linux-gnu/7.3.0/lto-wrapper]
  ignore line: [Target: x86_64-pc-linux-gnu]
  ignore line: [Configured with: ../gcc-7.3.0/configure --prefix=/glade/u/apps/dav/opt/gnu/7.3.0 --enable-languages=c,c++,fortran,lto --enable-threads --disable-multilib]
  ignore line: [Thread model: posix]
  ignore line: [gcc version 7.3.0 (GCC) ]
  ignore line: [Reading specs from /glade/u/apps/dav/opt/gnu/7.3.0/lib/gcc/x86_64-pc-linux-gnu/7.3.0/../../../../lib64/libgfortran.spec]
  ignore line: [rename spec lib to liborig]
  ignore line: [COLLECT_GCC_OPTIONS='-v' '-g' '-Wall' '-ffree-line-length-none' '-fmax-errors=0' '-fbacktrace' '-fcheck=bounds' '-D' 'USE_MPI_ISEND_FOR_FC' '-D' 'HAVE_MPI' '-I' '.' '-I' '/glade/u/home/mizukami/testing/pio_test/route/build/lib/piolib/include' '-I' '/glade/u/apps/dav/opt/openmpi/3.1.2/gnu/7.3.0/include' '-I' '/glade/u/apps/dav/opt/gnu/7.3.0/include' '-I' '/usr/local/include/slurm' '-I' '/usr/local/include' '-o' 'cmTryCompileExec2649868761' '-rdynamic' '-I' '/glade/u/apps/dav/opt/netcdf/4.6.1/gnu/7.3.0/include' '-I' '/glade/u/apps/dav/opt/gnu/7.3.0/include' '-L/glade/u/apps/dav/opt/gnu/7.3.0/lib/gcc/x86_64-pc-linux-gnu/7.3.0' '-L/glade/u/apps/dav/opt/netcdf/4.6.1/gnu/7.3.0/lib' '-L/glade/u/apps/opt/intel/2017u1/compilers_and_libraries/linux/lib/intel64_lin' '-L/glade/u/apps/dav/opt/gnu/7.3.0/lib64' '-L/glade/u/apps/dav/opt/openmpi/3.1.2/gnu/7.3.0/lib' '-I' '/glade/u/apps/dav/opt/openmpi/3.1.2/gnu/7.3.0/include' '-I' '/glade/u/apps/dav/opt/openmpi/3.1.2/gnu/7.3.0/lib' '-L/glade/u/apps/dav/opt/openmpi/3.1.2/gnu/7.3.0/lib' '-shared-libgcc' '-mtune=generic' '-march=x86-64']
  ignore line: [COMPILER_PATH=/glade/u/apps/dav/opt/gnu/7.3.0/libexec/gcc/x86_64-pc-linux-gnu/7.3.0/:/glade/u/apps/dav/opt/gnu/7.3.0/libexec/gcc/x86_64-pc-linux-gnu/7.3.0/:/glade/u/apps/dav/opt/gnu/7.3.0/libexec/gcc/x86_64-pc-linux-gnu/:/glade/u/apps/dav/opt/gnu/7.3.0/lib/gcc/x86_64-pc-linux-gnu/7.3.0/:/glade/u/apps/dav/opt/gnu/7.3.0/lib/gcc/x86_64-pc-linux-gnu/]
  ignore line: [LIBRARY_PATH=/glade/u/apps/dav/opt/gnu/7.3.0/lib/gcc/x86_64-pc-linux-gnu/7.3.0/:/glade/u/apps/dav/opt/gnu/7.3.0/lib/gcc/x86_64-pc-linux-gnu/7.3.0/../../../../lib64/:/lib/../lib64/:/usr/lib/../lib64/:/glade/u/apps/dav/opt/openmpi/3.1.2/gnu/7.3.0/lib/:/glade/u/apps/dav/opt/gnu/7.3.0/lib/gcc/x86_64-pc-linux-gnu/7.3.0/../../../:/lib/:/usr/lib/]
  ignore line: [COLLECT_GCC_OPTIONS='-v' '-g' '-Wall' '-ffree-line-length-none' '-fmax-errors=0' '-fbacktrace' '-fcheck=bounds' '-D' 'USE_MPI_ISEND_FOR_FC' '-D' 'HAVE_MPI' '-I' '.' '-I' '/glade/u/home/mizukami/testing/pio_test/route/build/lib/piolib/include' '-I' '/glade/u/apps/dav/opt/openmpi/3.1.2/gnu/7.3.0/include' '-I' '/glade/u/apps/dav/opt/gnu/7.3.0/include' '-I' '/usr/local/include/slurm' '-I' '/usr/local/include' '-o' 'cmTryCompileExec2649868761' '-rdynamic' '-I' '/glade/u/apps/dav/opt/netcdf/4.6.1/gnu/7.3.0/include' '-I' '/glade/u/apps/dav/opt/gnu/7.3.0/include' '-L/glade/u/apps/dav/opt/gnu/7.3.0/lib/gcc/x86_64-pc-linux-gnu/7.3.0' '-L/glade/u/apps/dav/opt/netcdf/4.6.1/gnu/7.3.0/lib' '-L/glade/u/apps/opt/intel/2017u1/compilers_and_libraries/linux/lib/intel64_lin' '-L/glade/u/apps/dav/opt/gnu/7.3.0/lib64' '-L/glade/u/apps/dav/opt/openmpi/3.1.2/gnu/7.3.0/lib' '-I' '/glade/u/apps/dav/opt/openmpi/3.1.2/gnu/7.3.0/include' '-I' '/glade/u/apps/dav/opt/openmpi/3.1.2/gnu/7.3.0/lib' '-L/glade/u/apps/dav/opt/openmpi/3.1.2/gnu/7.3.0/lib' '-shared-libgcc' '-mtune=generic' '-march=x86-64']
  link line: [ /glade/u/apps/dav/opt/gnu/7.3.0/libexec/gcc/x86_64-pc-linux-gnu/7.3.0/collect2 -plugin /glade/u/apps/dav/opt/gnu/7.3.0/libexec/gcc/x86_64-pc-linux-gnu/7.3.0/liblto_plugin.so -plugin-opt=/glade/u/apps/dav/opt/gnu/7.3.0/libexec/gcc/x86_64-pc-linux-gnu/7.3.0/lto-wrapper -plugin-opt=-fresolution=/glade/scratch/mizukami/ccbJ0XkV.res -plugin-opt=-pass-through=-lgcc_s -plugin-opt=-pass-through=-lgcc -plugin-opt=-pass-through=-lquadmath -plugin-opt=-pass-through=-lm -plugin-opt=-pass-through=-lgcc_s -plugin-opt=-pass-through=-lgcc -plugin-opt=-pass-through=-lc -plugin-opt=-pass-through=-lgcc_s -plugin-opt=-pass-through=-lgcc --eh-frame-hdr -m elf_x86_64 -export-dynamic -dynamic-linker /lib64/ld-linux-x86-64.so.2 -o cmTryCompileExec2649868761 /lib/../lib64/crt1.o /lib/../lib64/crti.o /glade/u/apps/dav/opt/gnu/7.3.0/lib/gcc/x86_64-pc-linux-gnu/7.3.0/crtbegin.o -L/glade/u/apps/dav/opt/gnu/7.3.0/lib/gcc/x86_64-pc-linux-gnu/7.3.0 -L/glade/u/apps/dav/opt/netcdf/4.6.1/gnu/7.3.0/lib -L/glade/u/apps/opt/intel/2017u1/compilers_and_libraries/linux/lib/intel64_lin -L/glade/u/apps/dav/opt/gnu/7.3.0/lib64 -L/glade/u/apps/dav/opt/openmpi/3.1.2/gnu/7.3.0/lib -L/glade/u/apps/dav/opt/openmpi/3.1.2/gnu/7.3.0/lib -L/glade/u/apps/dav/opt/gnu/7.3.0/lib/gcc/x86_64-pc-linux-gnu/7.3.0 -L/glade/u/apps/dav/opt/gnu/7.3.0/lib/gcc/x86_64-pc-linux-gnu/7.3.0/../../../../lib64 -L/lib/../lib64 -L/usr/lib/../lib64 -L/glade/u/apps/dav/opt/openmpi/3.1.2/gnu/7.3.0/lib -L/glade/u/apps/dav/opt/gnu/7.3.0/lib/gcc/x86_64-pc-linux-gnu/7.3.0/../../.. CMakeFiles/cmTryCompileExec2649868761.dir/CMakeFortranCompilerABI.F.o --disable-new-dtags -rpath /glade/u/apps/dav/opt/gnu/7.3.0/lib/gcc/x86_64-pc-linux-gnu/7.3.0 -rpath /glade/u/apps/dav/opt/netcdf/4.6.1/gnu/7.3.0/lib -rpath /glade/u/apps/opt/intel/2017u1/compilers_and_libraries/linux/lib/intel64_lin -rpath /glade/u/apps/dav/opt/gnu/7.3.0/lib64 -rpath /glade/u/apps/dav/opt/openmpi/3.1.2/gnu/7.3.0/lib -lnetcdff -lnetcdf -lhdf5hl_fortran -lhdf5_hl -lhdf5_fortran -lhdf5 -lsz -lz -lrt -ldl -rpath /glade/u/apps/dav/opt/openmpi/3.1.2/gnu/7.3.0/lib --enable-new-dtags -lmpi_usempif08 -lmpi_usempi_ignore_tkr -lmpi_mpifh -lmpi -lgfortran -lm -lgcc_s -lgcc -lquadmath -lm -lgcc_s -lgcc -lc -lgcc_s -lgcc /glade/u/apps/dav/opt/gnu/7.3.0/lib/gcc/x86_64-pc-linux-gnu/7.3.0/crtend.o /lib/../lib64/crtn.o]
    arg [/glade/u/apps/dav/opt/gnu/7.3.0/libexec/gcc/x86_64-pc-linux-gnu/7.3.0/collect2] ==> ignore
    arg [-plugin] ==> ignore
    arg [/glade/u/apps/dav/opt/gnu/7.3.0/libexec/gcc/x86_64-pc-linux-gnu/7.3.0/liblto_plugin.so] ==> ignore
    arg [-plugin-opt=/glade/u/apps/dav/opt/gnu/7.3.0/libexec/gcc/x86_64-pc-linux-gnu/7.3.0/lto-wrapper] ==> ignore
    arg [-plugin-opt=-fresolution=/glade/scratch/mizukami/ccbJ0XkV.res] ==> ignore
    arg [-plugin-opt=-pass-through=-lgcc_s] ==> ignore
    arg [-plugin-opt=-pass-through=-lgcc] ==> ignore
    arg [-plugin-opt=-pass-through=-lquadmath] ==> ignore
    arg [-plugin-opt=-pass-through=-lm] ==> ignore
    arg [-plugin-opt=-pass-through=-lgcc_s] ==> ignore
    arg [-plugin-opt=-pass-through=-lgcc] ==> ignore
    arg [-plugin-opt=-pass-through=-lc] ==> ignore
    arg [-plugin-opt=-pass-through=-lgcc_s] ==> ignore
    arg [-plugin-opt=-pass-through=-lgcc] ==> ignore
    arg [--eh-frame-hdr] ==> ignore
    arg [-m] ==> ignore
    arg [elf_x86_64] ==> ignore
    arg [-export-dynamic] ==> ignore
    arg [-dynamic-linker] ==> ignore
    arg [/lib64/ld-linux-x86-64.so.2] ==> ignore
    arg [-o] ==> ignore
    arg [cmTryCompileExec2649868761] ==> ignore
    arg [/lib/../lib64/crt1.o] ==> ignore
    arg [/lib/../lib64/crti.o] ==> ignore
    arg [/glade/u/apps/dav/opt/gnu/7.3.0/lib/gcc/x86_64-pc-linux-gnu/7.3.0/crtbegin.o] ==> ignore
    arg [-L/glade/u/apps/dav/opt/gnu/7.3.0/lib/gcc/x86_64-pc-linux-gnu/7.3.0] ==> dir [/glade/u/apps/dav/opt/gnu/7.3.0/lib/gcc/x86_64-pc-linux-gnu/7.3.0]
    arg [-L/glade/u/apps/dav/opt/netcdf/4.6.1/gnu/7.3.0/lib] ==> dir [/glade/u/apps/dav/opt/netcdf/4.6.1/gnu/7.3.0/lib]
    arg [-L/glade/u/apps/opt/intel/2017u1/compilers_and_libraries/linux/lib/intel64_lin] ==> dir [/glade/u/apps/opt/intel/2017u1/compilers_and_libraries/linux/lib/intel64_lin]
    arg [-L/glade/u/apps/dav/opt/gnu/7.3.0/lib64] ==> dir [/glade/u/apps/dav/opt/gnu/7.3.0/lib64]
    arg [-L/glade/u/apps/dav/opt/openmpi/3.1.2/gnu/7.3.0/lib] ==> dir [/glade/u/apps/dav/opt/openmpi/3.1.2/gnu/7.3.0/lib]
    arg [-L/glade/u/apps/dav/opt/openmpi/3.1.2/gnu/7.3.0/lib] ==> dir [/glade/u/apps/dav/opt/openmpi/3.1.2/gnu/7.3.0/lib]
    arg [-L/glade/u/apps/dav/opt/gnu/7.3.0/lib/gcc/x86_64-pc-linux-gnu/7.3.0] ==> dir [/glade/u/apps/dav/opt/gnu/7.3.0/lib/gcc/x86_64-pc-linux-gnu/7.3.0]
    arg [-L/glade/u/apps/dav/opt/gnu/7.3.0/lib/gcc/x86_64-pc-linux-gnu/7.3.0/../../../../lib64] ==> dir [/glade/u/apps/dav/opt/gnu/7.3.0/lib/gcc/x86_64-pc-linux-gnu/7.3.0/../../../../lib64]
    arg [-L/lib/../lib64] ==> dir [/lib/../lib64]
    arg [-L/usr/lib/../lib64] ==> dir [/usr/lib/../lib64]
    arg [-L/glade/u/apps/dav/opt/openmpi/3.1.2/gnu/7.3.0/lib] ==> dir [/glade/u/apps/dav/opt/openmpi/3.1.2/gnu/7.3.0/lib]
    arg [-L/glade/u/apps/dav/opt/gnu/7.3.0/lib/gcc/x86_64-pc-linux-gnu/7.3.0/../../..] ==> dir [/glade/u/apps/dav/opt/gnu/7.3.0/lib/gcc/x86_64-pc-linux-gnu/7.3.0/../../..]
    arg [CMakeFiles/cmTryCompileExec2649868761.dir/CMakeFortranCompilerABI.F.o] ==> ignore
    arg [--disable-new-dtags] ==> ignore
    arg [-rpath] ==> ignore
    arg [/glade/u/apps/dav/opt/gnu/7.3.0/lib/gcc/x86_64-pc-linux-gnu/7.3.0] ==> ignore
    arg [-rpath] ==> ignore
    arg [/glade/u/apps/dav/opt/netcdf/4.6.1/gnu/7.3.0/lib] ==> ignore
    arg [-rpath] ==> ignore
    arg [/glade/u/apps/opt/intel/2017u1/compilers_and_libraries/linux/lib/intel64_lin] ==> ignore
    arg [-rpath] ==> ignore
    arg [/glade/u/apps/dav/opt/gnu/7.3.0/lib64] ==> ignore
    arg [-rpath] ==> ignore
    arg [/glade/u/apps/dav/opt/openmpi/3.1.2/gnu/7.3.0/lib] ==> ignore
    arg [-lnetcdff] ==> lib [netcdff]
    arg [-lnetcdf] ==> lib [netcdf]
    arg [-lhdf5hl_fortran] ==> lib [hdf5hl_fortran]
    arg [-lhdf5_hl] ==> lib [hdf5_hl]
    arg [-lhdf5_fortran] ==> lib [hdf5_fortran]
    arg [-lhdf5] ==> lib [hdf5]
    arg [-lsz] ==> lib [sz]
    arg [-lz] ==> lib [z]
    arg [-lrt] ==> lib [rt]
    arg [-ldl] ==> lib [dl]
    arg [-rpath] ==> ignore
    arg [/glade/u/apps/dav/opt/openmpi/3.1.2/gnu/7.3.0/lib] ==> ignore
    arg [--enable-new-dtags] ==> ignore
    arg [-lmpi_usempif08] ==> lib [mpi_usempif08]
    arg [-lmpi_usempi_ignore_tkr] ==> lib [mpi_usempi_ignore_tkr]
    arg [-lmpi_mpifh] ==> lib [mpi_mpifh]
    arg [-lmpi] ==> lib [mpi]
    arg [-lgfortran] ==> lib [gfortran]
    arg [-lm] ==> lib [m]
    arg [-lgcc_s] ==> lib [gcc_s]
    arg [-lgcc] ==> lib [gcc]
    arg [-lquadmath] ==> lib [quadmath]
    arg [-lm] ==> lib [m]
    arg [-lgcc_s] ==> lib [gcc_s]
    arg [-lgcc] ==> lib [gcc]
    arg [-lc] ==> lib [c]
    arg [-lgcc_s] ==> lib [gcc_s]
    arg [-lgcc] ==> lib [gcc]
    arg [/glade/u/apps/dav/opt/gnu/7.3.0/lib/gcc/x86_64-pc-linux-gnu/7.3.0/crtend.o] ==> ignore
    arg [/lib/../lib64/crtn.o] ==> ignore
  remove lib [gcc_s]
  remove lib [gcc]
  remove lib [gcc_s]
  remove lib [gcc]
  remove lib [gcc_s]
  remove lib [gcc]
  collapse library dir [/glade/u/apps/dav/opt/gnu/7.3.0/lib/gcc/x86_64-pc-linux-gnu/7.3.0] ==> [/glade/u/apps/dav/opt/gnu/7.3.0/lib/gcc/x86_64-pc-linux-gnu/7.3.0]
  collapse library dir [/glade/u/apps/dav/opt/netcdf/4.6.1/gnu/7.3.0/lib] ==> [/glade/u/apps/dav/opt/netcdf/4.6.1/gnu/7.3.0/lib]
  collapse library dir [/glade/u/apps/opt/intel/2017u1/compilers_and_libraries/linux/lib/intel64_lin] ==> [/glade/u/apps/opt/intel/2017u1/compilers_and_libraries/linux/lib/intel64_lin]
  collapse library dir [/glade/u/apps/dav/opt/gnu/7.3.0/lib64] ==> [/glade/u/apps/dav/opt/gnu/7.3.0/lib64]
  collapse library dir [/glade/u/apps/dav/opt/openmpi/3.1.2/gnu/7.3.0/lib] ==> [/glade/u/apps/dav/opt/openmpi/3.1.2/gnu/7.3.0/lib]
  collapse library dir [/glade/u/apps/dav/opt/openmpi/3.1.2/gnu/7.3.0/lib] ==> [/glade/u/apps/dav/opt/openmpi/3.1.2/gnu/7.3.0/lib]
  collapse library dir [/glade/u/apps/dav/opt/gnu/7.3.0/lib/gcc/x86_64-pc-linux-gnu/7.3.0] ==> [/glade/u/apps/dav/opt/gnu/7.3.0/lib/gcc/x86_64-pc-linux-gnu/7.3.0]
  collapse library dir [/glade/u/apps/dav/opt/gnu/7.3.0/lib/gcc/x86_64-pc-linux-gnu/7.3.0/../../../../lib64] ==> [/glade/u/apps/dav/opt/gnu/7.3.0/lib64]
  collapse library dir [/lib/../lib64] ==> [/lib64]
  collapse library dir [/usr/lib/../lib64] ==> [/usr/lib64]
  collapse library dir [/glade/u/apps/dav/opt/openmpi/3.1.2/gnu/7.3.0/lib] ==> [/glade/u/apps/dav/opt/openmpi/3.1.2/gnu/7.3.0/lib]
  collapse library dir [/glade/u/apps/dav/opt/gnu/7.3.0/lib/gcc/x86_64-pc-linux-gnu/7.3.0/../../..] ==> [/glade/u/apps/dav/opt/gnu/7.3.0/lib]
  implicit libs: [netcdff;netcdf;hdf5hl_fortran;hdf5_hl;hdf5_fortran;hdf5;sz;z;rt;dl;mpi_usempif08;mpi_usempi_ignore_tkr;mpi_mpifh;mpi;gfortran;m;quadmath;m;c]
  implicit dirs: [/glade/u/apps/dav/opt/gnu/7.3.0/lib/gcc/x86_64-pc-linux-gnu/7.3.0;/glade/u/apps/dav/opt/netcdf/4.6.1/gnu/7.3.0/lib;/glade/u/apps/opt/intel/2017u1/compilers_and_libraries/linux/lib/intel64_lin;/glade/u/apps/dav/opt/gnu/7.3.0/lib64;/glade/u/apps/dav/opt/openmpi/3.1.2/gnu/7.3.0/lib;/lib64;/usr/lib64;/glade/u/apps/dav/opt/gnu/7.3.0/lib]
  implicit fwks: []


Determining if the Fortran compiler supports Fortran 90 passed with the following output:
Change Dir: /glade/u/home/mizukami/testing/pio_test/route/build/lib/piolib/CMakeFiles/CMakeTmp

Run Build Command:"/usr/bin/gmake" "cmTryCompileExec1060797391/fast"
gmake[2]: Entering directory `/glade/u/home/mizukami/testing/pio_test/route/build/lib/piolib/CMakeFiles/CMakeTmp'
/usr/bin/gmake -f CMakeFiles/cmTryCompileExec1060797391.dir/build.make CMakeFiles/cmTryCompileExec1060797391.dir/build
gmake[3]: Entering directory `/glade/u/home/mizukami/testing/pio_test/route/build/lib/piolib/CMakeFiles/CMakeTmp'
/usr/local/bin/cmake -E cmake_progress_report /glade/u/home/mizukami/testing/pio_test/route/build/lib/piolib/CMakeFiles/CMakeTmp/CMakeFiles 1
Building Fortran object CMakeFiles/cmTryCompileExec1060797391.dir/testFortranCompilerF90.f90.o
/gpfs/u/apps/dav/opt/ncarcompilers/0.4.1/mpi/mpif90   -g -Wall -ffree-line-length-none -fmax-errors=0 -fbacktrace -fcheck=bounds  -DUSE_MPI_ISEND_FOR_FC -DHAVE_MPI -I. -I/glade/u/home/mizukami/testing/pio_test/route/build/lib/piolib/include -I/glade/u/apps/dav/opt/openmpi/3.1.2/gnu/7.3.0/include -I/glade/u/apps/dav/opt/gnu/7.3.0/include -I/usr/local/include/slurm -I/usr/local/include    -c /glade/u/home/mizukami/testing/pio_test/route/build/lib/piolib/CMakeFiles/CMakeTmp/testFortranCompilerF90.f90 -o CMakeFiles/cmTryCompileExec1060797391.dir/testFortranCompilerF90.f90.o
Linking Fortran executable cmTryCompileExec1060797391
/usr/local/bin/cmake -E cmake_link_script CMakeFiles/cmTryCompileExec1060797391.dir/link.txt --verbose=1
/gpfs/u/apps/dav/opt/ncarcompilers/0.4.1/mpi/mpif90    -g -Wall -ffree-line-length-none -fmax-errors=0 -fbacktrace -fcheck=bounds  -DUSE_MPI_ISEND_FOR_FC -DHAVE_MPI -I. -I/glade/u/home/mizukami/testing/pio_test/route/build/lib/piolib/include -I/glade/u/apps/dav/opt/openmpi/3.1.2/gnu/7.3.0/include -I/glade/u/apps/dav/opt/gnu/7.3.0/include -I/usr/local/include/slurm -I/usr/local/include  CMakeFiles/cmTryCompileExec1060797391.dir/testFortranCompilerF90.f90.o  -o cmTryCompileExec1060797391 -rdynamic 
gmake[3]: Leaving directory `/glade/u/home/mizukami/testing/pio_test/route/build/lib/piolib/CMakeFiles/CMakeTmp'
gmake[2]: Leaving directory `/glade/u/home/mizukami/testing/pio_test/route/build/lib/piolib/CMakeFiles/CMakeTmp'


Determining if the include file sys/types.h exists passed with the following output:
Change Dir: /glade/u/home/mizukami/testing/pio_test/route/build/lib/piolib/CMakeFiles/CMakeTmp

Run Build Command:"/usr/bin/gmake" "cmTryCompileExec2081866949/fast"
gmake[2]: Entering directory `/glade/u/home/mizukami/testing/pio_test/route/build/lib/piolib/CMakeFiles/CMakeTmp'
/usr/bin/gmake -f CMakeFiles/cmTryCompileExec2081866949.dir/build.make CMakeFiles/cmTryCompileExec2081866949.dir/build
gmake[3]: Entering directory `/glade/u/home/mizukami/testing/pio_test/route/build/lib/piolib/CMakeFiles/CMakeTmp'
/usr/local/bin/cmake -E cmake_progress_report /glade/u/home/mizukami/testing/pio_test/route/build/lib/piolib/CMakeFiles/CMakeTmp/CMakeFiles 1
Building C object CMakeFiles/cmTryCompileExec2081866949.dir/CheckIncludeFile.c.o
/gpfs/u/apps/dav/opt/ncarcompilers/0.4.1/mpi/gcc   -DUSE_MPI_ISEND_FOR_FC -DHAVE_MPI -I. -I/glade/u/home/mizukami/testing/pio_test/route/build/lib/piolib/include -I/glade/u/apps/dav/opt/openmpi/3.1.2/gnu/7.3.0/include -I/glade/u/apps/dav/opt/gnu/7.3.0/include -I/usr/local/include/slurm -I/usr/local/include  -I/glade/u/apps/dav/opt/openmpi/3.1.2/gnu/7.3.0/include    -o CMakeFiles/cmTryCompileExec2081866949.dir/CheckIncludeFile.c.o   -c /glade/u/home/mizukami/testing/pio_test/route/build/lib/piolib/CMakeFiles/CMakeTmp/CheckIncludeFile.c
Linking C executable cmTryCompileExec2081866949
/usr/local/bin/cmake -E cmake_link_script CMakeFiles/cmTryCompileExec2081866949.dir/link.txt --verbose=1
/gpfs/u/apps/dav/opt/ncarcompilers/0.4.1/mpi/gcc   -DUSE_MPI_ISEND_FOR_FC -DHAVE_MPI -I. -I/glade/u/home/mizukami/testing/pio_test/route/build/lib/piolib/include -I/glade/u/apps/dav/opt/openmpi/3.1.2/gnu/7.3.0/include -I/glade/u/apps/dav/opt/gnu/7.3.0/include -I/usr/local/include/slurm -I/usr/local/include    CMakeFiles/cmTryCompileExec2081866949.dir/CheckIncludeFile.c.o  -o cmTryCompileExec2081866949 -rdynamic 
gmake[3]: Leaving directory `/glade/u/home/mizukami/testing/pio_test/route/build/lib/piolib/CMakeFiles/CMakeTmp'
gmake[2]: Leaving directory `/glade/u/home/mizukami/testing/pio_test/route/build/lib/piolib/CMakeFiles/CMakeTmp'


Determining if the include file stdint.h exists passed with the following output:
Change Dir: /glade/u/home/mizukami/testing/pio_test/route/build/lib/piolib/CMakeFiles/CMakeTmp

Run Build Command:"/usr/bin/gmake" "cmTryCompileExec547977620/fast"
gmake[2]: Entering directory `/glade/u/home/mizukami/testing/pio_test/route/build/lib/piolib/CMakeFiles/CMakeTmp'
/usr/bin/gmake -f CMakeFiles/cmTryCompileExec547977620.dir/build.make CMakeFiles/cmTryCompileExec547977620.dir/build
gmake[3]: Entering directory `/glade/u/home/mizukami/testing/pio_test/route/build/lib/piolib/CMakeFiles/CMakeTmp'
/usr/local/bin/cmake -E cmake_progress_report /glade/u/home/mizukami/testing/pio_test/route/build/lib/piolib/CMakeFiles/CMakeTmp/CMakeFiles 1
Building C object CMakeFiles/cmTryCompileExec547977620.dir/CheckIncludeFile.c.o
/gpfs/u/apps/dav/opt/ncarcompilers/0.4.1/mpi/gcc   -DUSE_MPI_ISEND_FOR_FC -DHAVE_MPI -I. -I/glade/u/home/mizukami/testing/pio_test/route/build/lib/piolib/include -I/glade/u/apps/dav/opt/openmpi/3.1.2/gnu/7.3.0/include -I/glade/u/apps/dav/opt/gnu/7.3.0/include -I/usr/local/include/slurm -I/usr/local/include  -I/glade/u/apps/dav/opt/openmpi/3.1.2/gnu/7.3.0/include    -o CMakeFiles/cmTryCompileExec547977620.dir/CheckIncludeFile.c.o   -c /glade/u/home/mizukami/testing/pio_test/route/build/lib/piolib/CMakeFiles/CMakeTmp/CheckIncludeFile.c
Linking C executable cmTryCompileExec547977620
/usr/local/bin/cmake -E cmake_link_script CMakeFiles/cmTryCompileExec547977620.dir/link.txt --verbose=1
/gpfs/u/apps/dav/opt/ncarcompilers/0.4.1/mpi/gcc   -DUSE_MPI_ISEND_FOR_FC -DHAVE_MPI -I. -I/glade/u/home/mizukami/testing/pio_test/route/build/lib/piolib/include -I/glade/u/apps/dav/opt/openmpi/3.1.2/gnu/7.3.0/include -I/glade/u/apps/dav/opt/gnu/7.3.0/include -I/usr/local/include/slurm -I/usr/local/include    CMakeFiles/cmTryCompileExec547977620.dir/CheckIncludeFile.c.o  -o cmTryCompileExec547977620 -rdynamic 
gmake[3]: Leaving directory `/glade/u/home/mizukami/testing/pio_test/route/build/lib/piolib/CMakeFiles/CMakeTmp'
gmake[2]: Leaving directory `/glade/u/home/mizukami/testing/pio_test/route/build/lib/piolib/CMakeFiles/CMakeTmp'


Determining if the include file stddef.h exists passed with the following output:
Change Dir: /glade/u/home/mizukami/testing/pio_test/route/build/lib/piolib/CMakeFiles/CMakeTmp

Run Build Command:"/usr/bin/gmake" "cmTryCompileExec2576432685/fast"
gmake[2]: Entering directory `/glade/u/home/mizukami/testing/pio_test/route/build/lib/piolib/CMakeFiles/CMakeTmp'
/usr/bin/gmake -f CMakeFiles/cmTryCompileExec2576432685.dir/build.make CMakeFiles/cmTryCompileExec2576432685.dir/build
gmake[3]: Entering directory `/glade/u/home/mizukami/testing/pio_test/route/build/lib/piolib/CMakeFiles/CMakeTmp'
/usr/local/bin/cmake -E cmake_progress_report /glade/u/home/mizukami/testing/pio_test/route/build/lib/piolib/CMakeFiles/CMakeTmp/CMakeFiles 1
Building C object CMakeFiles/cmTryCompileExec2576432685.dir/CheckIncludeFile.c.o
/gpfs/u/apps/dav/opt/ncarcompilers/0.4.1/mpi/gcc   -DUSE_MPI_ISEND_FOR_FC -DHAVE_MPI -I. -I/glade/u/home/mizukami/testing/pio_test/route/build/lib/piolib/include -I/glade/u/apps/dav/opt/openmpi/3.1.2/gnu/7.3.0/include -I/glade/u/apps/dav/opt/gnu/7.3.0/include -I/usr/local/include/slurm -I/usr/local/include  -I/glade/u/apps/dav/opt/openmpi/3.1.2/gnu/7.3.0/include    -o CMakeFiles/cmTryCompileExec2576432685.dir/CheckIncludeFile.c.o   -c /glade/u/home/mizukami/testing/pio_test/route/build/lib/piolib/CMakeFiles/CMakeTmp/CheckIncludeFile.c
Linking C executable cmTryCompileExec2576432685
/usr/local/bin/cmake -E cmake_link_script CMakeFiles/cmTryCompileExec2576432685.dir/link.txt --verbose=1
/gpfs/u/apps/dav/opt/ncarcompilers/0.4.1/mpi/gcc   -DUSE_MPI_ISEND_FOR_FC -DHAVE_MPI -I. -I/glade/u/home/mizukami/testing/pio_test/route/build/lib/piolib/include -I/glade/u/apps/dav/opt/openmpi/3.1.2/gnu/7.3.0/include -I/glade/u/apps/dav/opt/gnu/7.3.0/include -I/usr/local/include/slurm -I/usr/local/include    CMakeFiles/cmTryCompileExec2576432685.dir/CheckIncludeFile.c.o  -o cmTryCompileExec2576432685 -rdynamic 
gmake[3]: Leaving directory `/glade/u/home/mizukami/testing/pio_test/route/build/lib/piolib/CMakeFiles/CMakeTmp'
gmake[2]: Leaving directory `/glade/u/home/mizukami/testing/pio_test/route/build/lib/piolib/CMakeFiles/CMakeTmp'


Determining size of MPI_Offset passed with the following output:
Change Dir: /glade/u/home/mizukami/testing/pio_test/route/build/lib/piolib/CMakeFiles/CMakeTmp

Run Build Command:"/usr/bin/gmake" "cmTryCompileExec2945473518/fast"
gmake[2]: Entering directory `/glade/u/home/mizukami/testing/pio_test/route/build/lib/piolib/CMakeFiles/CMakeTmp'
/usr/bin/gmake -f CMakeFiles/cmTryCompileExec2945473518.dir/build.make CMakeFiles/cmTryCompileExec2945473518.dir/build
gmake[3]: Entering directory `/glade/u/home/mizukami/testing/pio_test/route/build/lib/piolib/CMakeFiles/CMakeTmp'
/usr/local/bin/cmake -E cmake_progress_report /glade/u/home/mizukami/testing/pio_test/route/build/lib/piolib/CMakeFiles/CMakeTmp/CMakeFiles 1
Building C object CMakeFiles/cmTryCompileExec2945473518.dir/SIZEOF_MPI_OFFSET.c.o
/gpfs/u/apps/dav/opt/ncarcompilers/0.4.1/mpi/gcc   -DUSE_MPI_ISEND_FOR_FC -DHAVE_MPI -I. -I/glade/u/home/mizukami/testing/pio_test/route/build/lib/piolib/include -I/glade/u/apps/dav/opt/openmpi/3.1.2/gnu/7.3.0/include -I/glade/u/apps/dav/opt/gnu/7.3.0/include -I/usr/local/include/slurm -I/usr/local/include  -I/glade/u/apps/dav/opt/openmpi/3.1.2/gnu/7.3.0/include    -o CMakeFiles/cmTryCompileExec2945473518.dir/SIZEOF_MPI_OFFSET.c.o   -c /glade/u/home/mizukami/testing/pio_test/route/build/lib/piolib/CMakeFiles/CheckTypeSize/SIZEOF_MPI_OFFSET.c
Linking C executable cmTryCompileExec2945473518
/usr/local/bin/cmake -E cmake_link_script CMakeFiles/cmTryCompileExec2945473518.dir/link.txt --verbose=1
/gpfs/u/apps/dav/opt/ncarcompilers/0.4.1/mpi/gcc   -DUSE_MPI_ISEND_FOR_FC -DHAVE_MPI -I. -I/glade/u/home/mizukami/testing/pio_test/route/build/lib/piolib/include -I/glade/u/apps/dav/opt/openmpi/3.1.2/gnu/7.3.0/include -I/glade/u/apps/dav/opt/gnu/7.3.0/include -I/usr/local/include/slurm -I/usr/local/include    CMakeFiles/cmTryCompileExec2945473518.dir/SIZEOF_MPI_OFFSET.c.o  -o cmTryCompileExec2945473518 -rdynamic 
gmake[3]: Leaving directory `/glade/u/home/mizukami/testing/pio_test/route/build/lib/piolib/CMakeFiles/CMakeTmp'
gmake[2]: Leaving directory `/glade/u/home/mizukami/testing/pio_test/route/build/lib/piolib/CMakeFiles/CMakeTmp'


Determining size of unsigned short passed with the following output:
Change Dir: /glade/u/home/mizukami/testing/pio_test/route/build/lib/piolib/CMakeFiles/CMakeTmp

Run Build Command:"/usr/bin/gmake" "cmTryCompileExec2810447485/fast"
gmake[2]: Entering directory `/glade/u/home/mizukami/testing/pio_test/route/build/lib/piolib/CMakeFiles/CMakeTmp'
/usr/bin/gmake -f CMakeFiles/cmTryCompileExec2810447485.dir/build.make CMakeFiles/cmTryCompileExec2810447485.dir/build
gmake[3]: Entering directory `/glade/u/home/mizukami/testing/pio_test/route/build/lib/piolib/CMakeFiles/CMakeTmp'
/usr/local/bin/cmake -E cmake_progress_report /glade/u/home/mizukami/testing/pio_test/route/build/lib/piolib/CMakeFiles/CMakeTmp/CMakeFiles 1
Building C object CMakeFiles/cmTryCompileExec2810447485.dir/CMAKE_SIZEOF_UNSIGNED_SHORT.c.o
/gpfs/u/apps/dav/opt/ncarcompilers/0.4.1/mpi/gcc   -DUSE_MPI_ISEND_FOR_FC -DHAVE_MPI -I. -I/glade/u/home/mizukami/testing/pio_test/route/build/lib/piolib/include -I/glade/u/apps/dav/opt/openmpi/3.1.2/gnu/7.3.0/include -I/glade/u/apps/dav/opt/gnu/7.3.0/include -I/usr/local/include/slurm -I/usr/local/include  -I/glade/u/apps/dav/opt/openmpi/3.1.2/gnu/7.3.0/include    -o CMakeFiles/cmTryCompileExec2810447485.dir/CMAKE_SIZEOF_UNSIGNED_SHORT.c.o   -c /glade/u/home/mizukami/testing/pio_test/route/build/lib/piolib/CMakeFiles/CheckTypeSize/CMAKE_SIZEOF_UNSIGNED_SHORT.c
Linking C executable cmTryCompileExec2810447485
/usr/local/bin/cmake -E cmake_link_script CMakeFiles/cmTryCompileExec2810447485.dir/link.txt --verbose=1
/gpfs/u/apps/dav/opt/ncarcompilers/0.4.1/mpi/gcc   -DUSE_MPI_ISEND_FOR_FC -DHAVE_MPI -I. -I/glade/u/home/mizukami/testing/pio_test/route/build/lib/piolib/include -I/glade/u/apps/dav/opt/openmpi/3.1.2/gnu/7.3.0/include -I/glade/u/apps/dav/opt/gnu/7.3.0/include -I/usr/local/include/slurm -I/usr/local/include    CMakeFiles/cmTryCompileExec2810447485.dir/CMAKE_SIZEOF_UNSIGNED_SHORT.c.o  -o cmTryCompileExec2810447485 -rdynamic 
gmake[3]: Leaving directory `/glade/u/home/mizukami/testing/pio_test/route/build/lib/piolib/CMakeFiles/CMakeTmp'
gmake[2]: Leaving directory `/glade/u/home/mizukami/testing/pio_test/route/build/lib/piolib/CMakeFiles/CMakeTmp'


Determining size of size_t passed with the following output:
Change Dir: /glade/u/home/mizukami/testing/pio_test/route/build/lib/piolib/CMakeFiles/CMakeTmp

Run Build Command:"/usr/bin/gmake" "cmTryCompileExec2073499544/fast"
gmake[2]: Entering directory `/glade/u/home/mizukami/testing/pio_test/route/build/lib/piolib/CMakeFiles/CMakeTmp'
/usr/bin/gmake -f CMakeFiles/cmTryCompileExec2073499544.dir/build.make CMakeFiles/cmTryCompileExec2073499544.dir/build
gmake[3]: Entering directory `/glade/u/home/mizukami/testing/pio_test/route/build/lib/piolib/CMakeFiles/CMakeTmp'
/usr/local/bin/cmake -E cmake_progress_report /glade/u/home/mizukami/testing/pio_test/route/build/lib/piolib/CMakeFiles/CMakeTmp/CMakeFiles 1
Building C object CMakeFiles/cmTryCompileExec2073499544.dir/SIZEOF_SIZE_T.c.o
/gpfs/u/apps/dav/opt/ncarcompilers/0.4.1/mpi/gcc   -DUSE_MPI_ISEND_FOR_FC -DHAVE_MPI -I. -I/glade/u/home/mizukami/testing/pio_test/route/build/lib/piolib/include -I/glade/u/apps/dav/opt/openmpi/3.1.2/gnu/7.3.0/include -I/glade/u/apps/dav/opt/gnu/7.3.0/include -I/usr/local/include/slurm -I/usr/local/include  -I/glade/u/apps/ch/opt/netcdf/4.6.1/gnu/7.3.0/include    -o CMakeFiles/cmTryCompileExec2073499544.dir/SIZEOF_SIZE_T.c.o   -c /glade/u/home/mizukami/testing/pio_test/route/build/lib/piolib/CMakeFiles/CheckTypeSize/SIZEOF_SIZE_T.c
Linking C executable cmTryCompileExec2073499544
/usr/local/bin/cmake -E cmake_link_script CMakeFiles/cmTryCompileExec2073499544.dir/link.txt --verbose=1
/gpfs/u/apps/dav/opt/ncarcompilers/0.4.1/mpi/gcc   -DUSE_MPI_ISEND_FOR_FC -DHAVE_MPI -I. -I/glade/u/home/mizukami/testing/pio_test/route/build/lib/piolib/include -I/glade/u/apps/dav/opt/openmpi/3.1.2/gnu/7.3.0/include -I/glade/u/apps/dav/opt/gnu/7.3.0/include -I/usr/local/include/slurm -I/usr/local/include    CMakeFiles/cmTryCompileExec2073499544.dir/SIZEOF_SIZE_T.c.o  -o cmTryCompileExec2073499544 -rdynamic /glade/u/apps/ch/opt/netcdf/4.6.1/gnu/7.3.0/lib/libnetcdf.so -Wl,-rpath,/glade/u/apps/ch/opt/netcdf/4.6.1/gnu/7.3.0/lib 
gmake[3]: Leaving directory `/glade/u/home/mizukami/testing/pio_test/route/build/lib/piolib/CMakeFiles/CMakeTmp'
gmake[2]: Leaving directory `/glade/u/home/mizukami/testing/pio_test/route/build/lib/piolib/CMakeFiles/CMakeTmp'


Determining size of long long passed with the following output:
Change Dir: /glade/u/home/mizukami/testing/pio_test/route/build/lib/piolib/CMakeFiles/CMakeTmp

Run Build Command:"/usr/bin/gmake" "cmTryCompileExec2576984783/fast"
gmake[2]: Entering directory `/glade/u/home/mizukami/testing/pio_test/route/build/lib/piolib/CMakeFiles/CMakeTmp'
/usr/bin/gmake -f CMakeFiles/cmTryCompileExec2576984783.dir/build.make CMakeFiles/cmTryCompileExec2576984783.dir/build
gmake[3]: Entering directory `/glade/u/home/mizukami/testing/pio_test/route/build/lib/piolib/CMakeFiles/CMakeTmp'
/usr/local/bin/cmake -E cmake_progress_report /glade/u/home/mizukami/testing/pio_test/route/build/lib/piolib/CMakeFiles/CMakeTmp/CMakeFiles 1
Building C object CMakeFiles/cmTryCompileExec2576984783.dir/SIZEOF_LONG_LONG.c.o
/gpfs/u/apps/dav/opt/ncarcompilers/0.4.1/mpi/gcc   -DUSE_MPI_ISEND_FOR_FC -DHAVE_MPI -I. -I/glade/u/home/mizukami/testing/pio_test/route/build/lib/piolib/include -I/glade/u/apps/dav/opt/openmpi/3.1.2/gnu/7.3.0/include -I/glade/u/apps/dav/opt/gnu/7.3.0/include -I/usr/local/include/slurm -I/usr/local/include  -I/glade/u/apps/ch/opt/netcdf/4.6.1/gnu/7.3.0/include    -o CMakeFiles/cmTryCompileExec2576984783.dir/SIZEOF_LONG_LONG.c.o   -c /glade/u/home/mizukami/testing/pio_test/route/build/lib/piolib/CMakeFiles/CheckTypeSize/SIZEOF_LONG_LONG.c
Linking C executable cmTryCompileExec2576984783
/usr/local/bin/cmake -E cmake_link_script CMakeFiles/cmTryCompileExec2576984783.dir/link.txt --verbose=1
/gpfs/u/apps/dav/opt/ncarcompilers/0.4.1/mpi/gcc   -DUSE_MPI_ISEND_FOR_FC -DHAVE_MPI -I. -I/glade/u/home/mizukami/testing/pio_test/route/build/lib/piolib/include -I/glade/u/apps/dav/opt/openmpi/3.1.2/gnu/7.3.0/include -I/glade/u/apps/dav/opt/gnu/7.3.0/include -I/usr/local/include/slurm -I/usr/local/include    CMakeFiles/cmTryCompileExec2576984783.dir/SIZEOF_LONG_LONG.c.o  -o cmTryCompileExec2576984783 -rdynamic /glade/u/apps/ch/opt/netcdf/4.6.1/gnu/7.3.0/lib/libnetcdf.so -Wl,-rpath,/glade/u/apps/ch/opt/netcdf/4.6.1/gnu/7.3.0/lib 
gmake[3]: Leaving directory `/glade/u/home/mizukami/testing/pio_test/route/build/lib/piolib/CMakeFiles/CMakeTmp'
gmake[2]: Leaving directory `/glade/u/home/mizukami/testing/pio_test/route/build/lib/piolib/CMakeFiles/CMakeTmp'


